** fvcore version of PathManager will be deprecated soon. **
** Please migrate to the version in iopath repo. **
https://github.com/facebookresearch/iopath 

Command Line Args: Namespace(config_file='configs/eric/finetune_split2.yaml', dist_url='tcp://127.0.0.1:50156', end_iter=-1, eval_all=False, eval_during_train=False, eval_iter=-1, eval_only=False, machine_rank=0, num_gpus=1, num_machines=1, opts=[], resume=False, start_iter=-1)
[32m[05/17 17:57:16 fsdet]: [0mRank of current process: 0. World size: 1
[32m[05/17 17:57:16 fsdet]: [0mCommand line arguments: Namespace(config_file='configs/eric/finetune_split2.yaml', dist_url='tcp://127.0.0.1:50156', end_iter=-1, eval_all=False, eval_during_train=False, eval_iter=-1, eval_only=False, machine_rank=0, num_gpus=1, num_machines=1, opts=[], resume=False, start_iter=-1)
[32m[05/17 17:57:16 fsdet]: [0mContents of args.config_file=configs/eric/finetune_split2.yaml:
_BASE_: "../Base-RCNN-FPN.yaml"

MODEL:
  WEIGHTS: "/home/eric/FSCE_tea-diseases/checkpoints/coco/faster_rcnn/set1/split2/base/randinit/model_reset_surgery.pth"
  MASK_ON: False
  RESNETS:
    DEPTH: 101

  BACKBONE:
    FREEZE: False
    FREEZE_AT: 5

  PROPOSAL_GENERATOR:
    FREEZE: False
  RPN:
    POST_NMS_TOPK_TRAIN: 2000

  ROI_HEADS:
    NAME: "ContrastiveROIHeads"
    NUM_CLASSES: 17
    OUTPUT_LAYER: "CosineSimOutputLayers"
    FREEZE_FEAT: False
    BATCH_SIZE_PER_IMAGE: 256
    # SCORE_THRESH_TEST: 0.0

  ROI_BOX_HEAD:
    CONTRASTIVE_BRANCH:
      TEMPERATURE: 0.2
      LOSS_WEIGHT: 0.5
      DECAY:
        ENABLED: True
        STEPS: [6000, 10000]
        RATE: 0.5
      IOU_THRESHOLD: 0.8  # high credibility proposals provide consistency

DATASETS:
  TRAIN: ('trainval_tea',)
  TEST: ('test_tea',)

SOLVER:
  IMS_PER_BATCH: 3
  BASE_LR: 0.001
  GAMMA: 0.5
  STEPS: (8000,13000)
  MAX_ITER: 15000
  CHECKPOINT_PERIOD: 5000
  WARMUP_ITERS: 200

TEST:
  AUG:
    ENABLED: True
  EVAL_PERIOD: 3000
[32m[05/17 17:57:16 fsdet]: [0mFull config saved to /home/eric/FSCE_tea-diseases/checkpoints/coco/faster_rcnn/set1/split2/5shot/config.yaml
[32m[05/17 17:57:16 fsdet.utils.env]: [0mUsing a generated random seed 20083149
frozen resnet backbone stage 5 (this froze ResNet but not FPN, frozen backbone in rcnn.py will overwrite this)
-------- Using Roi Head: ContrastiveROIHeads---------

[32m[05/17 17:57:18 fsdet.data.datasets.coco]: [0mLoaded 80 images in COCO format from /home/eric/mmdetection/data/VOCdevkit/datasets/set1/balanced5/annotations/instances_trainvaltest.json
[32m[05/17 17:57:18 fsdet.data.build]: [0mRemoved 0 images with no usable annotations. 80 images left.
[32m[05/17 17:57:18 fsdet.data.build]: [0mDistribution of training instances among all 17 categories:
[36m|  category   | #instances   |   category    | #instances   |   category    | #instances   |
|:-----------:|:-------------|:-------------:|:-------------|:-------------:|:-------------|
| brownblight | 16           |     algal     | 11           |    blister    | 8            |
|   sunburn   | 9            |  fungi_early  | 5            |    roller     | 11           |
|    moth     | 7            |    tortrix    | 15           |   flushworm   | 6            |
| caloptilia  | 5            | mosquito_ea.. | 13           | mosquito_late | 20           |
|    miner    | 5            |    thrips     | 10           |    tetrany    | 9            |
|   formosa   | 16           |     other     | 45           |               |              |
|    total    | 211          |               |              |               |              |[0m
[32m[05/17 17:57:18 fsdet.data.detection_utils]: [0mTransformGens used in training: [ResizeShortestEdge(short_edge_length=(640, 672, 704, 736, 768, 800), max_size=1333, sample_style='choice'), RandomFlip()]
[32m[05/17 17:57:18 fsdet.data.build]: [0mUsing training sampler TrainingSampler
[32m[05/17 17:57:18 fvcore.common.checkpoint]: [0mLoading checkpoint from /home/eric/FSCE_tea-diseases/checkpoints/coco/faster_rcnn/set1/split2/base/randinit/model_reset_surgery.pth
[32m[05/17 17:57:19 fsdet.engine.train_loop]: [0mStarting training from iteration 1
** fvcore version of PathManager will be deprecated soon. **
** Please migrate to the version in iopath repo. **
https://github.com/facebookresearch/iopath 

  0%|          | 0/48 [00:00<?, ?it/s]100%|██████████| 48/48 [00:00<00:00, 583.28it/s]Command Line Args: Namespace(config_file='configs/eric/finetune_split2.yaml', dist_url='tcp://127.0.0.1:50156', end_iter=-1, eval_all=False, eval_during_train=False, eval_iter=-1, eval_only=False, machine_rank=0, num_gpus=1, num_machines=1, opts=[], resume=False, start_iter=-1)
[32m[05/17 17:57:27 fsdet]: [0mRank of current process: 0. World size: 1
[32m[05/17 17:57:27 fsdet]: [0mCommand line arguments: Namespace(config_file='configs/eric/finetune_split2.yaml', dist_url='tcp://127.0.0.1:50156', end_iter=-1, eval_all=False, eval_during_train=False, eval_iter=-1, eval_only=False, machine_rank=0, num_gpus=1, num_machines=1, opts=[], resume=False, start_iter=-1)
[32m[05/17 17:57:27 fsdet]: [0mContents of args.config_file=configs/eric/finetune_split2.yaml:
_BASE_: "../Base-RCNN-FPN.yaml"

MODEL:
  WEIGHTS: "/home/eric/FSCE_tea-diseases/checkpoints/coco/faster_rcnn/set1/split2/base/randinit/model_reset_surgery.pth"
  MASK_ON: False
  RESNETS:
    DEPTH: 101

  BACKBONE:
    FREEZE: False
    FREEZE_AT: 5

  PROPOSAL_GENERATOR:
    FREEZE: False
  RPN:
    POST_NMS_TOPK_TRAIN: 2000

  ROI_HEADS:
    NAME: "ContrastiveROIHeads"
    NUM_CLASSES: 17
    OUTPUT_LAYER: "CosineSimOutputLayers"
    FREEZE_FEAT: False
    BATCH_SIZE_PER_IMAGE: 256
    # SCORE_THRESH_TEST: 0.0

  ROI_BOX_HEAD:
    CONTRASTIVE_BRANCH:
      TEMPERATURE: 0.2
      LOSS_WEIGHT: 0.5
      DECAY:
        ENABLED: True
        STEPS: [6000, 10000]
        RATE: 0.5
      IOU_THRESHOLD: 0.8  # high credibility proposals provide consistency

DATASETS:
  TRAIN: ('trainval_tea',)
  TEST: ('test_tea',)

SOLVER:
  IMS_PER_BATCH: 3
  BASE_LR: 0.001
  GAMMA: 0.5
  STEPS: (8000,13000)
  MAX_ITER: 15000
  CHECKPOINT_PERIOD: 5000
  WARMUP_ITERS: 200

TEST:
  AUG:
    ENABLED: True
  EVAL_PERIOD: 3000
[32m[05/17 17:57:27 fsdet]: [0mFull config saved to /home/eric/FSCE_tea-diseases/checkpoints/coco/faster_rcnn/set1/split2/3shot/config.yaml
[32m[05/17 17:57:27 fsdet.utils.env]: [0mUsing a generated random seed 31284566
frozen resnet backbone stage 5 (this froze ResNet but not FPN, frozen backbone in rcnn.py will overwrite this)
-------- Using Roi Head: ContrastiveROIHeads---------

[32m[05/17 17:57:31 fsdet.data.datasets.coco]: [0mLoaded 48 images in COCO format from /home/eric/mmdetection/data/VOCdevkit/datasets/set1/balanced3/annotations/instances_trainvaltest.json
[32m[05/17 17:57:31 fsdet.data.build]: [0mRemoved 0 images with no usable annotations. 48 images left.
[32m[05/17 17:57:31 fsdet.data.build]: [0mDistribution of training instances among all 17 categories:
[36m|  category   | #instances   |   category    | #instances   |   category    | #instances   |
|:-----------:|:-------------|:-------------:|:-------------|:-------------:|:-------------|
| brownblight | 9            |     algal     | 6            |    blister    | 5            |
|   sunburn   | 5            |  fungi_early  | 3            |    roller     | 9            |
|    moth     | 6            |    tortrix    | 8            |   flushworm   | 3            |
| caloptilia  | 3            | mosquito_ea.. | 10           | mosquito_late | 12           |
|    miner    | 3            |    thrips     | 6            |    tetrany    | 5            |
|   formosa   | 10           |     other     | 19           |               |              |
|    total    | 122          |               |              |               |              |[0m
[32m[05/17 17:57:31 fsdet.data.detection_utils]: [0mTransformGens used in training: [ResizeShortestEdge(short_edge_length=(640, 672, 704, 736, 768, 800), max_size=1333, sample_style='choice'), RandomFlip()]
[32m[05/17 17:57:31 fsdet.data.build]: [0mUsing training sampler TrainingSampler

[32m[05/17 17:57:32 fvcore.common.checkpoint]: [0mLoading checkpoint from /home/eric/FSCE_tea-diseases/checkpoints/coco/faster_rcnn/set1/split2/base/randinit/model_reset_surgery.pth
(1, 2001)
(2001,)
(2, 2002)
(2002,)
(2, 2002)
(2002,)
(5, 2005)
(2005,)
(2, 2002)
(2002,)
(7, 2007)
(2007,)
(2, 2002)
(2002,)
(1, 2001)
(2001,)
(1, 2001)
(2001,)
(1, 2001)
(2001,)
(3, 2003)
(2003,)
(2, 2002)
(2002,)
(2, 2002)
(2002,)
(1, 2001)
(2001,)
(3, 2003)
(2003,)
(4, 2004)
(2004,)
(3, 2003)
(2003,)
(3, 2003)
(2003,)
(5, 2005)
(2005,)
(3, 2003)
(2003,)
(3, 2003)
(2003,)
(4, 2004)
(2004,)
(1, 2001)
(2001,)
(2, 2002)
(2002,)
(1, 2001)
(2001,)
(1, 2001)
(2001,)
(3, 2003)
(2003,)
(1, 2001)
(2001,)
(2, 2002)
(2002,)
(3, 2003)
(2003,)
(4, 2004)
(2004,)
(1, 2001)
(2001,)
(1, 2001)
(2001,)
(2, 2002)
(2002,)
(3, 2003)
(2003,)
(2, 2002)
(2002,)
(2, 2002)
(2002,)
(6, 2006)
(2006,)
(1, 2001)
(2001,)
(1, 2001)
(2001,)
(2, 2002)
(2002,)
(3, 2003)
(2003,)
(1, 2001)
(2001,)
(1, 2001)
(2001,)
(2, 2002)
(2002,)
(1, 2001)
(2001,)
(1, 2001)
(2001,)
(3, 2003)
(2003,)
(1, 2001)
(2001,)
(2, 2002)
(2002,)
(4, 2004)
(2004,)
(3, 2003)
(2003,)
(7, 2007)
(2007,)
(1, 2001)
(2001,)
(2, 2002)
(2002,)
(2, 2002)
(2002,)
(4, 2004)
(2004,)
[32m[05/17 17:57:32 fsdet.utils.events]: [0m eta: 2:29:47  iter: 19  total_loss: 4.235  loss_cls: 1.078  loss_box_reg: 0.3497  loss_contrast: 2.775  loss_rpn_cls: 0.003223  loss_rpn_loc: 0.005508  time: 0.5928  data_time: 0.1153  lr: 9.091e-05  max_mem: 2777M
[32m[05/17 17:57:32 fsdet.engine.train_loop]: [0mStarting training from iteration 1
[32m[05/17 17:57:33 fsdet.engine.hooks]: [0mTotal training time: 0:00:01 (0:00:00 on hooks)
Traceback (most recent call last):
  File "tools/train_net_3.py", line 147, in <module>
    launch(
  File "/home/eric/FSCE_tea-diseases/fsdet/engine/launch.py", line 52, in launch
    main_func(*args)
  File "tools/train_net_3.py", line 141, in main
    return trainer.train()
  File "/home/eric/FSCE_tea-diseases/fsdet/engine/defaults.py", line 397, in train
    super().train(self.start_iter, self.max_iter)
  File "/home/eric/FSCE_tea-diseases/fsdet/engine/train_loop.py", line 132, in train
    self.run_step()
  File "/home/eric/FSCE_tea-diseases/fsdet/engine/train_loop.py", line 212, in run_step
    loss_dict = self.model(data)
  File "/home/eric/.local/lib/python3.8/site-packages/torch/nn/modules/module.py", line 532, in __call__
    result = self.forward(*input, **kwargs)
  File "/home/eric/FSCE_tea-diseases/fsdet/modeling/meta_arch/rcnn.py", line 139, in forward
    features = self.backbone(images.tensor)  # List of L, FPN features
  File "/home/eric/.local/lib/python3.8/site-packages/torch/nn/modules/module.py", line 532, in __call__
    result = self.forward(*input, **kwargs)
  File "/home/eric/FSCE_tea-diseases/fsdet/modeling/backbone/fpn.py", line 126, in forward
    bottom_up_features = self.bottom_up(x)
  File "/home/eric/.local/lib/python3.8/site-packages/torch/nn/modules/module.py", line 532, in __call__
    result = self.forward(*input, **kwargs)
  File "/home/eric/FSCE_tea-diseases/fsdet/modeling/backbone/resnet.py", line 521, in forward
    x = stage(x)
  File "/home/eric/.local/lib/python3.8/site-packages/torch/nn/modules/module.py", line 532, in __call__
    result = self.forward(*input, **kwargs)
  File "/home/eric/.local/lib/python3.8/site-packages/torch/nn/modules/container.py", line 100, in forward
    input = module(input)
  File "/home/eric/.local/lib/python3.8/site-packages/torch/nn/modules/module.py", line 532, in __call__
    result = self.forward(*input, **kwargs)
  File "/home/eric/FSCE_tea-diseases/fsdet/modeling/backbone/resnet.py", line 281, in forward
    out = self.conv3(out)
  File "/home/eric/.local/lib/python3.8/site-packages/torch/nn/modules/module.py", line 532, in __call__
    result = self.forward(*input, **kwargs)
  File "/home/eric/FSCE_tea-diseases/fsdet/layers/wrappers.py", line 89, in forward
    x = self.norm(x)
  File "/home/eric/.local/lib/python3.8/site-packages/torch/nn/modules/module.py", line 532, in __call__
    result = self.forward(*input, **kwargs)
  File "/home/eric/FSCE_tea-diseases/fsdet/layers/batch_norm.py", line 49, in forward
    return x * scale + bias
RuntimeError: CUDA out of memory. Tried to allocate 160.00 MiB (GPU 0; 7.93 GiB total capacity; 827.10 MiB already allocated; 38.75 MiB free; 1.07 GiB reserved in total by PyTorch)
(2, 2002)
(2002,)
(1, 2001)
(2001,)
(1, 2001)
(2001,)
(3, 2003)
(2003,)
(1, 2001)
(2001,)
(1, 2001)
(2001,)
(3, 2003)
(2003,)
(2, 2002)
(2002,)
(1, 2001)
(2001,)
(3, 2003)
(2003,)
(2, 2002)
(2002,)
(2, 2002)
(2002,)
(9, 2009)
(2009,)
(6, 2006)
(2006,)
(7, 2007)
(2007,)
(2, 2002)
(2002,)
(2, 2002)
(2002,)
(14, 2014)
(2014,)
(4, 2004)
(2004,)
(2, 2002)
(2002,)
(3, 2003)
(2003,)
(1, 2001)
(2001,)
(1, 2001)
(2001,)
(7, 2007)
(2007,)
(1, 2001)
(2001,)
(1, 2001)
(2001,)
(5, 2005)
(2005,)
(1, 2001)
(2001,)
(2, 2002)
(2002,)
(1, 2001)
(2001,)
(2, 2002)
(2002,)
(3, 2003)
(2003,)
(2, 2002)
(2002,)
(3, 2003)
(2003,)
(1, 2001)
(2001,)
(3, 2003)
(2003,)
(2, 2002)
(2002,)
(2, 2002)
(2002,)
(1, 2001)
(2001,)
(3, 2003)
(2003,)
(4, 2004)
(2004,)
(1, 2001)
(2001,)
(2, 2002)
(2002,)
(2, 2002)
(2002,)
(1, 2001)
(2001,)
(1, 2001)
(2001,)
(1, 2001)
(2001,)
(3, 2003)
(2003,)
(4, 2004)
(2004,)
(2, 2002)
(2002,)
(6, 2006)
(2006,)
(7, 2007)
(2007,)
(3, 2003)
(2003,)
(2, 2002)
(2002,)
(3, 2003)
(2003,)
(3, 2003)
(2003,)
(4, 2004)
(2004,)
(3, 2003)
(2003,)
(2, 2002)
(2002,)
(3, 2003)
(2003,)
[32m[05/17 17:57:43 fsdet.utils.events]: [0m eta: 2:27:08  iter: 39  total_loss: 4.159  loss_cls: 0.9477  loss_box_reg: 0.3896  loss_contrast: 2.709  loss_rpn_cls: 0.01281  loss_rpn_loc: 0.008786  time: 0.5813  data_time: 0.0118  lr: 0.00019081  max_mem: 3008M
(1, 2001)
(2001,)
(4, 2004)
(2004,)
(14, 2014)
(2014,)
(1, 2001)
(2001,)
(5, 2005)
(2005,)
(2, 2002)
(2002,)
(3, 2003)
(2003,)
(6, 2006)
(2006,)
(2, 2002)
(2002,)
(1, 2001)
(2001,)
(2, 2002)
(2002,)
(1, 2001)
(2001,)
(1, 2001)
(2001,)
(4, 2004)
(2004,)
(1, 2001)
(2001,)
(2, 2002)
(2002,)
(2, 2002)
(2002,)
(7, 2007)
(2007,)
(4, 2004)
(2004,)
(2, 2002)
(2002,)
(2, 2002)
(2002,)
(2, 2002)
(2002,)
(2, 2002)
(2002,)
(1, 2001)
(2001,)
(3, 2003)
(2003,)
(3, 2003)
(2003,)
(1, 2001)
(2001,)
(1, 2001)
(2001,)
(3, 2003)
(2003,)
(2, 2002)
(2002,)
(1, 2001)
(2001,)
(2, 2002)
(2002,)
(1, 2001)
(2001,)
(9, 2009)
(2009,)
(2, 2002)
(2002,)
(1, 2001)
(2001,)
(3, 2003)
(2003,)
(2, 2002)
(2002,)
(3, 2003)
(2003,)
(2, 2002)
(2002,)
(1, 2001)
(2001,)
(1, 2001)
(2001,)
(2, 2002)
(2002,)
(1, 2001)
(2001,)
(2, 2002)
(2002,)
(1, 2001)
(2001,)
(1, 2001)
(2001,)
(3, 2003)
(2003,)
(3, 2003)
(2003,)
(2, 2002)
(2002,)
(2, 2002)
(2002,)
(2, 2002)
(2002,)
(2, 2002)
(2002,)
(1, 2001)
(2001,)
(3, 2003)
(2003,)
(4, 2004)
(2004,)
(2, 2002)
(2002,)
(5, 2005)
(2005,)
(1, 2001)
(2001,)
(7, 2007)
(2007,)
[32m[05/17 17:57:55 fsdet.utils.events]: [0m eta: 2:24:11  iter: 59  total_loss: 3.604  loss_cls: 0.7367  loss_box_reg: 0.2932  loss_contrast: 2.5  loss_rpn_cls: 0.01504  loss_rpn_loc: 0.009341  time: 0.5778  data_time: 0.0036  lr: 0.00029071  max_mem: 3170M
(2, 2002)
(2002,)
(1, 2001)
(2001,)
(2, 2002)
(2002,)
(2, 2002)
(2002,)
(1, 2001)
(2001,)
(3, 2003)
(2003,)
(2, 2002)
(2002,)
(2, 2002)
(2002,)
(2, 2002)
(2002,)
(4, 2004)
(2004,)
(4, 2004)
(2004,)
(1, 2001)
(2001,)
(2, 2002)
(2002,)
(3, 2003)
(2003,)
(1, 2001)
(2001,)
(3, 2003)
(2003,)
(2, 2002)
(2002,)
(2, 2002)
(2002,)
(1, 2001)
(2001,)
(1, 2001)
(2001,)
(3, 2003)
(2003,)
(2, 2002)
(2002,)
(4, 2004)
(2004,)
(1, 2001)
(2001,)
(2, 2002)
(2002,)
(3, 2003)
(2003,)
(5, 2005)
(2005,)
(3, 2003)
(2003,)
(3, 2003)
(2003,)
(3, 2003)
(2003,)
(3, 2003)
(2003,)
(1, 2001)
(2001,)
(2, 2002)
(2002,)
(4, 2004)
(2004,)
(6, 2006)
(2006,)
(2, 2002)
(2002,)
(14, 2014)
(2014,)
(1, 2001)
(2001,)
(1, 2001)
(2001,)
(6, 2006)
(2006,)
(7, 2007)
(2007,)
(1, 2001)
(2001,)
(3, 2003)
(2003,)
(1, 2001)
(2001,)
(1, 2001)
(2001,)
(2, 2002)
(2002,)
(2, 2002)
(2002,)
(1, 2001)
(2001,)
(1, 2001)
(2001,)
(2, 2002)
(2002,)
(1, 2001)
(2001,)
(7, 2007)
(2007,)
(3, 2003)
(2003,)
(1, 2001)
(2001,)
(1, 2001)
(2001,)
(4, 2004)
(2004,)
(3, 2003)
(2003,)
(9, 2009)
(2009,)
(1, 2001)
(2001,)
(3, 2003)
(2003,)
[32m[05/17 17:58:06 fsdet.utils.events]: [0m eta: 2:23:25  iter: 79  total_loss: 3.551  loss_cls: 0.7591  loss_box_reg: 0.3569  loss_contrast: 2.414  loss_rpn_cls: 0.004721  loss_rpn_loc: 0.0071  time: 0.5713  data_time: 0.0055  lr: 0.00039061  max_mem: 3170M
(2, 2002)
(2002,)
(1, 2001)
(2001,)
(2, 2002)
(2002,)
(3, 2003)
(2003,)
(1, 2001)
(2001,)
(4, 2004)
(2004,)
(1, 2001)
(2001,)
(1, 2001)
(2001,)
(1, 2001)
(2001,)
(1, 2001)
(2001,)
(6, 2006)
(2006,)
(3, 2003)
(2003,)
(2, 2002)
(2002,)
(2, 2002)
(2002,)
(1, 2001)
(2001,)
(9, 2009)
(2009,)
(5, 2005)
(2005,)
(1, 2001)
(2001,)
(1, 2001)
(2001,)
(4, 2004)
(2004,)
(2, 2002)
(2002,)
(7, 2007)
(2007,)
(3, 2003)
(2003,)
(2, 2002)
(2002,)
(2, 2002)
(2002,)
(3, 2003)
(2003,)
(3, 2003)
(2003,)
(1, 2001)
(2001,)
(2, 2002)
(2002,)
(1, 2001)
(2001,)
(2, 2002)
(2002,)
(1, 2001)
(2001,)
(1, 2001)
(2001,)
(3, 2003)
(2003,)
(3, 2003)
(2003,)
(1, 2001)
(2001,)
(2, 2002)
(2002,)
(1, 2001)
(2001,)
(2, 2002)
(2002,)
(7, 2007)
(2007,)
(4, 2004)
(2004,)
(1, 2001)
(2001,)
(1, 2001)
(2001,)
(6, 2006)
(2006,)
(7, 2007)
(2007,)
(3, 2003)
(2003,)
(1, 2001)
(2001,)
(1, 2001)
(2001,)
(3, 2003)
(2003,)
(1, 2001)
(2001,)
(2, 2002)
(2002,)
(2, 2002)
(2002,)
(2, 2002)
(2002,)
(3, 2003)
(2003,)
(1, 2001)
(2001,)
(2, 2002)
(2002,)
(3, 2003)
(2003,)
(2, 2002)
(2002,)
(2, 2002)
(2002,)
(2, 2002)
(2002,)
[32m[05/17 17:58:18 fsdet.utils.events]: [0m eta: 2:22:53  iter: 99  total_loss: 3.452  loss_cls: 0.7615  loss_box_reg: 0.3996  loss_contrast: 2.311  loss_rpn_cls: 0.005192  loss_rpn_loc: 0.005204  time: 0.5721  data_time: 0.0203  lr: 0.00049051  max_mem: 3170M
** fvcore version of PathManager will be deprecated soon. **
** Please migrate to the version in iopath repo. **
https://github.com/facebookresearch/iopath 

Command Line Args: Namespace(config_file='configs/eric/finetune_split2.yaml', dist_url='tcp://127.0.0.1:50156', end_iter=-1, eval_all=False, eval_during_train=False, eval_iter=-1, eval_only=False, machine_rank=0, num_gpus=1, num_machines=1, opts=[], resume=False, start_iter=-1)
[32m[05/17 17:58:25 fsdet]: [0mRank of current process: 0. World size: 1
[32m[05/17 17:58:25 fsdet]: [0mCommand line arguments: Namespace(config_file='configs/eric/finetune_split2.yaml', dist_url='tcp://127.0.0.1:50156', end_iter=-1, eval_all=False, eval_during_train=False, eval_iter=-1, eval_only=False, machine_rank=0, num_gpus=1, num_machines=1, opts=[], resume=False, start_iter=-1)
[32m[05/17 17:58:25 fsdet]: [0mContents of args.config_file=configs/eric/finetune_split2.yaml:
_BASE_: "../Base-RCNN-FPN.yaml"

MODEL:
  WEIGHTS: "/home/eric/FSCE_tea-diseases/checkpoints/coco/faster_rcnn/set1/split2/base/randinit/model_reset_surgery.pth"
  MASK_ON: False
  RESNETS:
    DEPTH: 101

  BACKBONE:
    FREEZE: False
    FREEZE_AT: 5

  PROPOSAL_GENERATOR:
    FREEZE: False
  RPN:
    POST_NMS_TOPK_TRAIN: 2000

  ROI_HEADS:
    NAME: "ContrastiveROIHeads"
    NUM_CLASSES: 17
    OUTPUT_LAYER: "CosineSimOutputLayers"
    FREEZE_FEAT: False
    BATCH_SIZE_PER_IMAGE: 256
    # SCORE_THRESH_TEST: 0.0

  ROI_BOX_HEAD:
    CONTRASTIVE_BRANCH:
      TEMPERATURE: 0.2
      LOSS_WEIGHT: 0.5
      DECAY:
        ENABLED: True
        STEPS: [6000, 10000]
        RATE: 0.5
      IOU_THRESHOLD: 0.8  # high credibility proposals provide consistency

DATASETS:
  TRAIN: ('trainval_tea',)
  TEST: ('test_tea',)

SOLVER:
  IMS_PER_BATCH: 3
  BASE_LR: 0.001
  GAMMA: 0.5
  STEPS: (8000,13000)
  MAX_ITER: 15000
  CHECKPOINT_PERIOD: 5000
  WARMUP_ITERS: 200

TEST:
  AUG:
    ENABLED: True
  EVAL_PERIOD: 3000
[32m[05/17 17:58:25 fsdet]: [0mFull config saved to /home/eric/FSCE_tea-diseases/checkpoints/coco/faster_rcnn/set1/split2/3shot/config.yaml
[32m[05/17 17:58:25 fsdet.utils.env]: [0mUsing a generated random seed 29309519
frozen resnet backbone stage 5 (this froze ResNet but not FPN, frozen backbone in rcnn.py will overwrite this)
-------- Using Roi Head: ContrastiveROIHeads---------

[32m[05/17 17:58:29 fsdet.data.datasets.coco]: [0mLoaded 48 images in COCO format from /home/eric/mmdetection/data/VOCdevkit/datasets/set1/balanced3/annotations/instances_trainvaltest.json
[32m[05/17 17:58:29 fsdet.data.build]: [0mRemoved 0 images with no usable annotations. 48 images left.
[32m[05/17 17:58:29 fsdet.data.build]: [0mDistribution of training instances among all 17 categories:
[36m|  category   | #instances   |   category    | #instances   |   category    | #instances   |
|:-----------:|:-------------|:-------------:|:-------------|:-------------:|:-------------|
| brownblight | 9            |     algal     | 6            |    blister    | 5            |
|   sunburn   | 5            |  fungi_early  | 3            |    roller     | 9            |
|    moth     | 6            |    tortrix    | 8            |   flushworm   | 3            |
| caloptilia  | 3            | mosquito_ea.. | 10           | mosquito_late | 12           |
|    miner    | 3            |    thrips     | 6            |    tetrany    | 5            |
|   formosa   | 10           |     other     | 19           |               |              |
|    total    | 122          |               |              |               |              |[0m
[32m[05/17 17:58:29 fsdet.data.detection_utils]: [0mTransformGens used in training: [ResizeShortestEdge(short_edge_length=(640, 672, 704, 736, 768, 800), max_size=1333, sample_style='choice'), RandomFlip()]
[32m[05/17 17:58:29 fsdet.data.build]: [0mUsing training sampler TrainingSampler
[32m[05/17 17:58:29 fvcore.common.checkpoint]: [0mLoading checkpoint from /home/eric/FSCE_tea-diseases/checkpoints/coco/faster_rcnn/set1/split2/base/randinit/model_reset_surgery.pth
(2, 2002)
(2002,)
(2, 2002)
(2002,)
(14, 2014)
(2014,)
(3, 2003)
(2003,)
(4, 2004)
(2004,)
(4, 2004)
(2004,)
(2, 2002)
(2002,)
(2, 2002)
(2002,)
(2, 2002)
(2002,)
(1, 2001)
(2001,)
(3, 2003)
(2003,)
(2, 2002)
(2002,)
(1, 2001)
(2001,)
(3, 2003)
(2003,)
(1, 2001)
(2001,)
(3, 2003)
(2003,)
(2, 2002)
(2002,)
(5, 2005)
(2005,)
(1, 2001)
(2001,)
(1, 2001)
(2001,)
(2, 2002)
(2002,)
(4, 2004)
(2004,)
(3, 2003)
(2003,)
(4, 2004)
(2004,)
(3, 2003)
(2003,)
(4, 2004)
(2004,)
(1, 2001)
(2001,)
(2, 2002)
(2002,)
(1, 2001)
(2001,)
(3, 2003)
(2003,)
(2, 2002)
(2002,)
(1, 2001)
(2001,)
(3, 2003)
(2003,)
(1, 2001)
(2001,)
(2, 2002)
(2002,)
(14, 2014)
(2014,)
(6, 2006)
(2006,)
(1, 2001)
(2001,)
(1, 2001)
(2001,)
(4, 2004)
(2004,)
(5, 2005)
(2005,)
(2, 2002)
(2002,)
(2, 2002)
(2002,)
(7, 2007)
(2007,)
(2, 2002)
(2002,)
(2, 2002)
(2002,)
(7, 2007)
(2007,)
(1, 2001)
(2001,)
(1, 2001)
(2001,)
(2, 2002)
(2002,)
(1, 2001)
(2001,)
(1, 2001)
(2001,)
(3, 2003)
(2003,)
(3, 2003)
(2003,)
(3, 2003)
(2003,)
(2, 2002)
(2002,)
(3, 2003)
(2003,)
(2, 2002)
(2002,)
(1, 2001)
(2001,)
(1, 2001)
(2001,)
[32m[05/17 17:58:30 fsdet.utils.events]: [0m eta: 2:22:00  iter: 119  total_loss: 3.147  loss_cls: 0.5327  loss_box_reg: 0.3177  loss_contrast: 2.206  loss_rpn_cls: 0.00566  loss_rpn_loc: 0.01042  time: 0.5698  data_time: 0.0050  lr: 0.00059041  max_mem: 3170M
[32m[05/17 17:58:30 fsdet.engine.train_loop]: [0mStarting training from iteration 1
(1, 2001)
(2001,)
(3, 2003)
(2003,)
(1, 2001)
(2001,)
(7, 2007)
(2007,)
(2, 2002)
(2002,)
(1, 2001)
(2001,)
(2, 2002)
(2002,)
(2, 2002)
(2002,)
(1, 2001)
(2001,)
(1, 2001)
(2001,)
(5, 2005)
(2005,)
(3, 2003)
(2003,)
(1, 2001)
(2001,)
(2, 2002)
(2002,)
(2, 2002)
(2002,)
(7, 2007)
(2007,)
(1, 2001)
(2001,)
(1, 2001)
(2001,)
(4, 2004)
(2004,)
(4, 2004)
(2004,)
(2, 2002)
(2002,)
(3, 2003)
(2003,)
(6, 2006)
(2006,)
(1, 2001)
(2001,)
(2, 2002)
(2002,)
(1, 2001)
(2001,)
(2, 2002)
(2002,)
(2, 2002)
(2002,)
(7, 2007)
(2007,)
(2, 2002)
(2002,)
(3, 2003)
(2003,)
(2, 2002)
(2002,)
(2, 2002)
(2002,)
[32m[05/17 17:58:45 fsdet.engine.hooks]: [0mOverall training speed: 8 iterations in 0:00:11 (1.4630 s / it)
[32m[05/17 17:58:45 fsdet.engine.hooks]: [0mTotal training time: 0:00:11 (0:00:00 on hooks)
Traceback (most recent call last):
  File "tools/train_net_3.py", line 147, in <module>
    launch(
  File "/home/eric/FSCE_tea-diseases/fsdet/engine/launch.py", line 52, in launch
    main_func(*args)
  File "tools/train_net_3.py", line 141, in main
    return trainer.train()
  File "/home/eric/FSCE_tea-diseases/fsdet/engine/defaults.py", line 397, in train
    super().train(self.start_iter, self.max_iter)
  File "/home/eric/FSCE_tea-diseases/fsdet/engine/train_loop.py", line 132, in train
    self.run_step()
  File "/home/eric/FSCE_tea-diseases/fsdet/engine/train_loop.py", line 225, in run_step
    losses.backward()
  File "/home/eric/.local/lib/python3.8/site-packages/torch/tensor.py", line 195, in backward
    torch.autograd.backward(self, gradient, retain_graph, create_graph)
  File "/home/eric/.local/lib/python3.8/site-packages/torch/autograd/__init__.py", line 97, in backward
    Variable._execution_engine.run_backward(
RuntimeError: CUDA out of memory. Tried to allocate 204.00 MiB (GPU 0; 7.93 GiB total capacity; 2.09 GiB already allocated; 186.75 MiB free; 2.40 GiB reserved in total by PyTorch)
(2, 2002)
(2002,)
(2, 2002)
(2002,)
(2, 2002)
(2002,)
(3, 2003)
(2003,)
(7, 2007)
(2007,)
(5, 2005)
(2005,)
(1, 2001)
(2001,)
(4, 2004)
(2004,)
(1, 2001)
(2001,)
(3, 2003)
(2003,)
(2, 2002)
(2002,)
(1, 2001)
(2001,)
(2, 2002)
(2002,)
(3, 2003)
(2003,)
(2, 2002)
(2002,)
(2, 2002)
(2002,)
(9, 2009)
(2009,)
(2, 2002)
(2002,)
(2, 2002)
(2002,)
(1, 2001)
(2001,)
(3, 2003)
(2003,)
(2, 2002)
(2002,)
(1, 2001)
(2001,)
(3, 2003)
(2003,)
(1, 2001)
(2001,)
(4, 2004)
(2004,)
(3, 2003)
(2003,)
(1, 2001)
(2001,)
(1, 2001)
(2001,)
(1, 2001)
(2001,)
(2, 2002)
(2002,)
(6, 2006)
(2006,)
(3, 2003)
(2003,)
(3, 2003)
(2003,)
(1, 2001)
(2001,)
(1, 2001)
(2001,)
(2, 2002)
(2002,)
(3, 2003)
(2003,)
(4, 2004)
(2004,)
(1, 2001)
(2001,)
(2, 2002)
(2002,)
(1, 2001)
(2001,)
(2, 2002)
(2002,)
(2, 2002)
(2002,)
(3, 2003)
(2003,)
(3, 2003)
(2003,)
(4, 2004)
(2004,)
(1, 2001)
(2001,)
(1, 2001)
(2001,)
(2, 2002)
(2002,)
(1, 2001)
(2001,)
(2, 2002)
(2002,)
(5, 2005)
(2005,)
(3, 2003)
(2003,)
(1, 2001)
(2001,)
(1, 2001)
(2001,)
(1, 2001)
(2001,)
(1, 2001)
(2001,)
(2, 2002)
(2002,)
(1, 2001)
(2001,)
[32m[05/17 17:58:48 fsdet.utils.events]: [0m eta: 2:23:24  iter: 139  total_loss: 3.123  loss_cls: 0.5743  loss_box_reg: 0.3692  loss_contrast: 2.139  loss_rpn_cls: 0.00558  loss_rpn_loc: 0.005441  time: 0.6222  data_time: 0.0035  lr: 0.00069031  max_mem: 3170M
(3, 2003)
(2003,)
(2, 2002)
(2002,)
(3, 2003)
(2003,)
(2, 2002)
(2002,)
(14, 2014)
(2014,)
(1, 2001)
(2001,)
(1, 2001)
(2001,)
(3, 2003)
(2003,)
(2, 2002)
(2002,)
(2, 2002)
(2002,)
(2, 2002)
(2002,)
(1, 2001)
(2001,)
(7, 2007)
(2007,)
(2, 2002)
(2002,)
(6, 2006)
(2006,)
(4, 2004)
(2004,)
(3, 2003)
(2003,)
(2, 2002)
(2002,)
(1, 2001)
(2001,)
(3, 2003)
(2003,)
(4, 2004)
(2004,)
(4, 2004)
(2004,)
(1, 2001)
(2001,)
(3, 2003)
(2003,)
(1, 2001)
(2001,)
(1, 2001)
(2001,)
(3, 2003)
(2003,)
(5, 2005)
(2005,)
(2, 2002)
(2002,)
(2, 2002)
(2002,)
(1, 2001)
(2001,)
(1, 2001)
(2001,)
(4, 2004)
(2004,)
(1, 2001)
(2001,)
(2, 2002)
(2002,)
(2, 2002)
(2002,)
(1, 2001)
(2001,)
(9, 2009)
(2009,)
(6, 2006)
(2006,)
(2, 2002)
(2002,)
(7, 2007)
(2007,)
(2, 2002)
(2002,)
(3, 2003)
(2003,)
(2, 2002)
(2002,)
(4, 2004)
(2004,)
(2, 2002)
(2002,)
(2, 2002)
(2002,)
(3, 2003)
(2003,)
(7, 2007)
(2007,)
(2, 2002)
(2002,)
(1, 2001)
(2001,)
(2, 2002)
(2002,)
(3, 2003)
(2003,)
(3, 2003)
(2003,)
(1, 2001)
(2001,)
(3, 2003)
(2003,)
(1, 2001)
(2001,)
(1, 2001)
(2001,)
(2, 2002)
(2002,)
(3, 2003)
(2003,)
[32m[05/17 17:59:00 fsdet.utils.events]: [0m eta: 2:22:39  iter: 159  total_loss: 2.904  loss_cls: 0.4261  loss_box_reg: 0.3297  loss_contrast: 2.136  loss_rpn_cls: 0.006017  loss_rpn_loc: 0.01003  time: 0.6151  data_time: 0.0039  lr: 0.00079021  max_mem: 3170M
(2, 2002)
(2002,)
(1, 2001)
(2001,)
(1, 2001)
(2001,)
(4, 2004)
(2004,)
(3, 2003)
(2003,)
(1, 2001)
(2001,)
(2, 2002)
(2002,)
(1, 2001)
(2001,)
(1, 2001)
(2001,)
(2, 2002)
(2002,)
(2, 2002)
(2002,)
(3, 2003)
(2003,)
(6, 2006)
(2006,)
(7, 2007)
(2007,)
(3, 2003)
(2003,)
(2, 2002)
(2002,)
(1, 2001)
(2001,)
(3, 2003)
(2003,)
(1, 2001)
(2001,)
(1, 2001)
(2001,)
(1, 2001)
(2001,)
(1, 2001)
(2001,)
(2, 2002)
(2002,)
(2, 2002)
(2002,)
(1, 2001)
(2001,)
(1, 2001)
(2001,)
(3, 2003)
(2003,)
(1, 2001)
(2001,)
(2, 2002)
(2002,)
(2, 2002)
(2002,)
(4, 2004)
(2004,)
(3, 2003)
(2003,)
(7, 2007)
(2007,)
(3, 2003)
(2003,)
(1, 2001)
(2001,)
(14, 2014)
(2014,)
(4, 2004)
(2004,)
(3, 2003)
(2003,)
(2, 2002)
(2002,)
(2, 2002)
(2002,)
(5, 2005)
(2005,)
(2, 2002)
(2002,)
(7, 2007)
(2007,)
(1, 2001)
(2001,)
(5, 2005)
(2005,)
(1, 2001)
(2001,)
(2, 2002)
(2002,)
(4, 2004)
(2004,)
(2, 2002)
(2002,)
(1, 2001)
(2001,)
(3, 2003)
(2003,)
(2, 2002)
(2002,)
(2, 2002)
(2002,)
(1, 2001)
(2001,)
(1, 2001)
(2001,)
(1, 2001)
(2001,)
(2, 2002)
(2002,)
(3, 2003)
(2003,)
(2, 2002)
(2002,)
(4, 2004)
(2004,)
[32m[05/17 17:59:12 fsdet.utils.events]: [0m eta: 2:22:54  iter: 179  total_loss: 2.902  loss_cls: 0.3708  loss_box_reg: 0.319  loss_contrast: 2.14  loss_rpn_cls: 0.00779  loss_rpn_loc: 0.005733  time: 0.6101  data_time: 0.0035  lr: 0.00089011  max_mem: 3170M
** fvcore version of PathManager will be deprecated soon. **
** Please migrate to the version in iopath repo. **
https://github.com/facebookresearch/iopath 

(2, 2002)
(2002,)
(2, 2002)
(2002,)
(3, 2003)
(2003,)
(1, 2001)
(2001,)
(3, 2003)
(2003,)
(2, 2002)
(2002,)
(1, 2001)
(2001,)
(3, 2003)
(2003,)
(1, 2001)
(2001,)
(1, 2001)
(2001,)
(2, 2002)
(2002,)
(9, 2009)
(2009,)
(3, 2003)
(2003,)
(1, 2001)
(2001,)
(3, 2003)
(2003,)
(4, 2004)
(2004,)
(3, 2003)
(2003,)
(1, 2001)
(2001,)
(6, 2006)
(2006,)
(2, 2002)
(2002,)
(2, 2002)
(2002,)
(1, 2001)
(2001,)
(2, 2002)
(2002,)
(4, 2004)
(2004,)
(3, 2003)
(2003,)
(14, 2014)
(2014,)
(1, 2001)
(2001,)
(3, 2003)
(2003,)
(3, 2003)
(2003,)
(2, 2002)
(2002,)
(4, 2004)
(2004,)
(1, 2001)
(2001,)
(2, 2002)
(2002,)
(4, 2004)
(2004,)
(2, 2002)
(2002,)
(3, 2003)
(2003,)
(1, 2001)
(2001,)
(1, 2001)
(2001,)
(2, 2002)
(2002,)
(3, 2003)
(2003,)
(2, 2002)
(2002,)
(2, 2002)
(2002,)
(1, 2001)
(2001,)
(1, 2001)
(2001,)
(2, 2002)
(2002,)
(3, 2003)
(2003,)
(3, 2003)
(2003,)
(1, 2001)
(2001,)
(1, 2001)
(2001,)
(4, 2004)
(2004,)
(1, 2001)
(2001,)
(2, 2002)
(2002,)
(1, 2001)
(2001,)
(3, 2003)
(2003,)
(3, 2003)
(2003,)
(1, 2001)
(2001,)
(4, 2004)
(2004,)
(7, 2007)
(2007,)
(2, 2002)
(2002,)
(2, 2002)
(2002,)
[32m[05/17 17:59:23 fsdet.utils.events]: [0m eta: 2:22:16  iter: 199  total_loss: 3.036  loss_cls: 0.3647  loss_box_reg: 0.3941  loss_contrast: 2.096  loss_rpn_cls: 0.009859  loss_rpn_loc: 0.009813  time: 0.6044  data_time: 0.0073  lr: 0.00099001  max_mem: 3170M
Command Line Args: Namespace(config_file='configs/eric/finetune_split2.yaml', dist_url='tcp://127.0.0.1:50156', end_iter=-1, eval_all=False, eval_during_train=False, eval_iter=-1, eval_only=False, machine_rank=0, num_gpus=1, num_machines=1, opts=[], resume=False, start_iter=-1)
[32m[05/17 17:59:23 fsdet]: [0mRank of current process: 0. World size: 1
[32m[05/17 17:59:23 fsdet]: [0mCommand line arguments: Namespace(config_file='configs/eric/finetune_split2.yaml', dist_url='tcp://127.0.0.1:50156', end_iter=-1, eval_all=False, eval_during_train=False, eval_iter=-1, eval_only=False, machine_rank=0, num_gpus=1, num_machines=1, opts=[], resume=False, start_iter=-1)
[32m[05/17 17:59:23 fsdet]: [0mContents of args.config_file=configs/eric/finetune_split2.yaml:
_BASE_: "../Base-RCNN-FPN.yaml"

MODEL:
  WEIGHTS: "/home/eric/FSCE_tea-diseases/checkpoints/coco/faster_rcnn/set1/split2/base/randinit/model_reset_surgery.pth"
  MASK_ON: False
  RESNETS:
    DEPTH: 101

  BACKBONE:
    FREEZE: False
    FREEZE_AT: 5

  PROPOSAL_GENERATOR:
    FREEZE: False
  RPN:
    POST_NMS_TOPK_TRAIN: 2000

  ROI_HEADS:
    NAME: "ContrastiveROIHeads"
    NUM_CLASSES: 17
    OUTPUT_LAYER: "CosineSimOutputLayers"
    FREEZE_FEAT: False
    BATCH_SIZE_PER_IMAGE: 256
    # SCORE_THRESH_TEST: 0.0

  ROI_BOX_HEAD:
    CONTRASTIVE_BRANCH:
      TEMPERATURE: 0.2
      LOSS_WEIGHT: 0.5
      DECAY:
        ENABLED: True
        STEPS: [6000, 10000]
        RATE: 0.5
      IOU_THRESHOLD: 0.8  # high credibility proposals provide consistency

DATASETS:
  TRAIN: ('trainval_tea',)
  TEST: ('test_tea',)

SOLVER:
  IMS_PER_BATCH: 3
  BASE_LR: 0.001
  GAMMA: 0.5
  STEPS: (8000,13000)
  MAX_ITER: 15000
  CHECKPOINT_PERIOD: 5000
  WARMUP_ITERS: 200

TEST:
  AUG:
    ENABLED: True
  EVAL_PERIOD: 3000
[32m[05/17 17:59:23 fsdet]: [0mFull config saved to /home/eric/FSCE_tea-diseases/checkpoints/coco/faster_rcnn/set1/split2/3shot/config.yaml
[32m[05/17 17:59:23 fsdet.utils.env]: [0mUsing a generated random seed 27363585
frozen resnet backbone stage 5 (this froze ResNet but not FPN, frozen backbone in rcnn.py will overwrite this)
Traceback (most recent call last):
  File "tools/train_net_3.py", line 147, in <module>
    launch(
  File "/home/eric/FSCE_tea-diseases/fsdet/engine/launch.py", line 52, in launch
    main_func(*args)
  File "tools/train_net_3.py", line 139, in main
    trainer = Trainer(cfg)
  File "/home/eric/FSCE_tea-diseases/fsdet/engine/defaults.py", line 266, in __init__
    model = self.build_model(cfg)
  File "/home/eric/FSCE_tea-diseases/fsdet/engine/defaults.py", line 411, in build_model
    model = build_model(cfg)
  File "/home/eric/FSCE_tea-diseases/fsdet/modeling/meta_arch/build.py", line 18, in build_model
    return META_ARCH_REGISTRY.get(meta_arch)(cfg)
  File "/home/eric/FSCE_tea-diseases/fsdet/modeling/meta_arch/rcnn.py", line 66, in __init__
    self.to(self.device)
  File "/home/eric/.local/lib/python3.8/site-packages/torch/nn/modules/module.py", line 425, in to
    return self._apply(convert)
  File "/home/eric/.local/lib/python3.8/site-packages/torch/nn/modules/module.py", line 201, in _apply
    module._apply(fn)
  File "/home/eric/.local/lib/python3.8/site-packages/torch/nn/modules/module.py", line 201, in _apply
    module._apply(fn)
  File "/home/eric/.local/lib/python3.8/site-packages/torch/nn/modules/module.py", line 201, in _apply
    module._apply(fn)
  [Previous line repeated 3 more times]
  File "/home/eric/.local/lib/python3.8/site-packages/torch/nn/modules/module.py", line 244, in _apply
    self._buffers[key] = fn(buf)
  File "/home/eric/.local/lib/python3.8/site-packages/torch/nn/modules/module.py", line 423, in convert
    return t.to(device, dtype if t.is_floating_point() else None, non_blocking)
KeyboardInterrupt
(2, 2002)
(2002,)
(1, 2001)
(2001,)
(2, 2002)
(2002,)
(3, 2003)
(2003,)
(1, 2001)
(2001,)
(1, 2001)
(2001,)
(1, 2001)
(2001,)
(7, 2007)
(2007,)
(2, 2002)
(2002,)
(1, 2001)
(2001,)
(6, 2006)
(2006,)
(1, 2001)
(2001,)
(4, 2004)
(2004,)
(2, 2002)
(2002,)
(2, 2002)
(2002,)
(1, 2001)
(2001,)
(9, 2009)
(2009,)
(1, 2001)
(2001,)
(3, 2003)
(2003,)
(1, 2001)
(2001,)
(2, 2002)
(2002,)
(2, 2002)
(2002,)
(3, 2003)
(2003,)
(1, 2001)
(2001,)
(2, 2002)
(2002,)
(2, 2002)
(2002,)
(2, 2002)
(2002,)
(2, 2002)
(2002,)
(2, 2002)
(2002,)
(3, 2003)
(2003,)
(5, 2005)
(2005,)
(1, 2001)
(2001,)
(5, 2005)
(2005,)
(6, 2006)
(2006,)
(3, 2003)
(2003,)
(7, 2007)
(2007,)
(1, 2001)
(2001,)
(1, 2001)
(2001,)
(2, 2002)
(2002,)
(1, 2001)
(2001,)
(3, 2003)
(2003,)
(2, 2002)
(2002,)
(9, 2009)
(2009,)
(1, 2001)
(2001,)
(1, 2001)
(2001,)
(3, 2003)
(2003,)
(1, 2001)
(2001,)
(1, 2001)
(2001,)
(3, 2003)
(2003,)
(1, 2001)
(2001,)
(2, 2002)
(2002,)
(2, 2002)
(2002,)
(1, 2001)
(2001,)
(3, 2003)
(2003,)
(4, 2004)
(2004,)
(2, 2002)
(2002,)
(3, 2003)
(2003,)
(2, 2002)
(2002,)
(2, 2002)
(2002,)
(1, 2001)
(2001,)
[32m[05/17 17:59:35 fsdet.utils.events]: [0m eta: 2:22:30  iter: 219  total_loss: 2.826  loss_cls: 0.4038  loss_box_reg: 0.3209  loss_contrast: 2.096  loss_rpn_cls: 0.004269  loss_rpn_loc: 0.007321  time: 0.6012  data_time: 0.0036  lr: 0.001  max_mem: 3170M
(1, 2001)
(2001,)
(1, 2001)
(2001,)
(1, 2001)
(2001,)
(3, 2003)
(2003,)
(2, 2002)
(2002,)
(1, 2001)
(2001,)
(2, 2002)
(2002,)
(3, 2003)
(2003,)
(7, 2007)
(2007,)
(1, 2001)
(2001,)
(6, 2006)
(2006,)
(1, 2001)
(2001,)
(2, 2002)
(2002,)
(7, 2007)
(2007,)
(3, 2003)
(2003,)
(2, 2002)
(2002,)
(4, 2004)
(2004,)
(4, 2004)
(2004,)
(2, 2002)
(2002,)
(5, 2005)
(2005,)
(2, 2002)
(2002,)
(2, 2002)
(2002,)
(14, 2014)
(2014,)
(2, 2002)
(2002,)
(1, 2001)
(2001,)
(2, 2002)
(2002,)
(3, 2003)
(2003,)
(2, 2002)
(2002,)
(1, 2001)
(2001,)
(1, 2001)
(2001,)
(1, 2001)
(2001,)
(4, 2004)
(2004,)
(2, 2002)
(2002,)
(2, 2002)
(2002,)
(4, 2004)
(2004,)
(1, 2001)
(2001,)
(3, 2003)
(2003,)
(2, 2002)
(2002,)
(2, 2002)
(2002,)
(7, 2007)
(2007,)
(1, 2001)
(2001,)
(5, 2005)
(2005,)
(1, 2001)
(2001,)
(3, 2003)
(2003,)
(3, 2003)
(2003,)
(4, 2004)
(2004,)
(1, 2001)
(2001,)
(1, 2001)
(2001,)
(2, 2002)
(2002,)
(1, 2001)
(2001,)
(3, 2003)
(2003,)
(2, 2002)
(2002,)
(1, 2001)
(2001,)
(6, 2006)
(2006,)
(1, 2001)
(2001,)
(2, 2002)
(2002,)
(3, 2003)
(2003,)
(2, 2002)
(2002,)
(3, 2003)
(2003,)
(3, 2003)
(2003,)
[32m[05/17 17:59:52 fsdet.utils.events]: [0m eta: 2:22:57  iter: 239  total_loss: 2.82  loss_cls: 0.3109  loss_box_reg: 0.355  loss_contrast: 2.076  loss_rpn_cls: 0.005757  loss_rpn_loc: 0.006657  time: 0.6200  data_time: 0.0033  lr: 0.001  max_mem: 3170M
** fvcore version of PathManager will be deprecated soon. **
** Please migrate to the version in iopath repo. **
https://github.com/facebookresearch/iopath 

Command Line Args: Namespace(config_file='configs/eric/finetune_split2.yaml', dist_url='tcp://127.0.0.1:50156', end_iter=-1, eval_all=False, eval_during_train=False, eval_iter=-1, eval_only=False, machine_rank=0, num_gpus=1, num_machines=1, opts=[], resume=False, start_iter=-1)
[32m[05/17 17:59:56 fsdet]: [0mRank of current process: 0. World size: 1
[32m[05/17 17:59:56 fsdet]: [0mCommand line arguments: Namespace(config_file='configs/eric/finetune_split2.yaml', dist_url='tcp://127.0.0.1:50156', end_iter=-1, eval_all=False, eval_during_train=False, eval_iter=-1, eval_only=False, machine_rank=0, num_gpus=1, num_machines=1, opts=[], resume=False, start_iter=-1)
[32m[05/17 17:59:56 fsdet]: [0mContents of args.config_file=configs/eric/finetune_split2.yaml:
_BASE_: "../Base-RCNN-FPN.yaml"

MODEL:
  WEIGHTS: "/home/eric/FSCE_tea-diseases/checkpoints/coco/faster_rcnn/set1/split2/base/randinit/model_reset_surgery.pth"
  MASK_ON: False
  RESNETS:
    DEPTH: 101

  BACKBONE:
    FREEZE: False
    FREEZE_AT: 5

  PROPOSAL_GENERATOR:
    FREEZE: False
  RPN:
    POST_NMS_TOPK_TRAIN: 2000

  ROI_HEADS:
    NAME: "ContrastiveROIHeads"
    NUM_CLASSES: 17
    OUTPUT_LAYER: "CosineSimOutputLayers"
    FREEZE_FEAT: False
    BATCH_SIZE_PER_IMAGE: 256
    # SCORE_THRESH_TEST: 0.0

  ROI_BOX_HEAD:
    CONTRASTIVE_BRANCH:
      TEMPERATURE: 0.2
      LOSS_WEIGHT: 0.5
      DECAY:
        ENABLED: True
        STEPS: [6000, 10000]
        RATE: 0.5
      IOU_THRESHOLD: 0.8  # high credibility proposals provide consistency

DATASETS:
  TRAIN: ('trainval_tea',)
  TEST: ('test_tea',)

SOLVER:
  IMS_PER_BATCH: 3
  BASE_LR: 0.001
  GAMMA: 0.5
  STEPS: (8000,13000)
  MAX_ITER: 15000
  CHECKPOINT_PERIOD: 5000
  WARMUP_ITERS: 200

TEST:
  AUG:
    ENABLED: True
  EVAL_PERIOD: 3000
[32m[05/17 17:59:56 fsdet]: [0mFull config saved to /home/eric/FSCE_tea-diseases/checkpoints/coco/faster_rcnn/set1/split2/3shot/config.yaml
[32m[05/17 17:59:56 fsdet.utils.env]: [0mUsing a generated random seed 60502447
frozen resnet backbone stage 5 (this froze ResNet but not FPN, frozen backbone in rcnn.py will overwrite this)
-------- Using Roi Head: ContrastiveROIHeads---------

[32m[05/17 18:00:00 fsdet.data.datasets.coco]: [0mLoaded 48 images in COCO format from /home/eric/mmdetection/data/VOCdevkit/datasets/set1/balanced3/annotations/instances_trainvaltest.json
[32m[05/17 18:00:00 fsdet.data.build]: [0mRemoved 0 images with no usable annotations. 48 images left.
[32m[05/17 18:00:00 fsdet.data.build]: [0mDistribution of training instances among all 17 categories:
[36m|  category   | #instances   |   category    | #instances   |   category    | #instances   |
|:-----------:|:-------------|:-------------:|:-------------|:-------------:|:-------------|
| brownblight | 9            |     algal     | 6            |    blister    | 5            |
|   sunburn   | 5            |  fungi_early  | 3            |    roller     | 9            |
|    moth     | 6            |    tortrix    | 8            |   flushworm   | 3            |
| caloptilia  | 3            | mosquito_ea.. | 10           | mosquito_late | 12           |
|    miner    | 3            |    thrips     | 6            |    tetrany    | 5            |
|   formosa   | 10           |     other     | 19           |               |              |
|    total    | 122          |               |              |               |              |[0m
[32m[05/17 18:00:00 fsdet.data.detection_utils]: [0mTransformGens used in training: [ResizeShortestEdge(short_edge_length=(640, 672, 704, 736, 768, 800), max_size=1333, sample_style='choice'), RandomFlip()]
[32m[05/17 18:00:00 fsdet.data.build]: [0mUsing training sampler TrainingSampler
[32m[05/17 18:00:01 fvcore.common.checkpoint]: [0mLoading checkpoint from /home/eric/FSCE_tea-diseases/checkpoints/coco/faster_rcnn/set1/split2/base/randinit/model_reset_surgery.pth
[32m[05/17 18:00:01 fsdet.engine.train_loop]: [0mStarting training from iteration 1
(2, 2002)
(2002,)
(3, 2003)
(2003,)
(3, 2003)
(2003,)
(1, 2001)
(2001,)
(3, 2003)
(2003,)
(3, 2003)
(2003,)
(2, 2002)
(2002,)
(3, 2003)
(2003,)
(5, 2005)
(2005,)
(2, 2002)
(2002,)
(2, 2002)
(2002,)
(1, 2001)
(2001,)
(1, 2001)
(2001,)
(1, 2001)
(2001,)
(2, 2002)
(2002,)
(1, 2001)
(2001,)
(2, 2002)
(2002,)
(3, 2003)
(2003,)
(6, 2006)
(2006,)
(2, 2002)
(2002,)
(3, 2003)
(2003,)
(4, 2004)
(2004,)
(2, 2002)
(2002,)
(1, 2001)
(2001,)
(1, 2001)
(2001,)
(2, 2002)
(2002,)
(3, 2003)
(2003,)
(1, 2001)
(2001,)
(1, 2001)
(2001,)
(2, 2002)
(2002,)
(3, 2003)
(2003,)
(2, 2002)
(2002,)
(3, 2003)
(2003,)
(3, 2003)
(2003,)
(2, 2002)
(2002,)
(4, 2004)
(2004,)
(1, 2001)
(2001,)
(1, 2001)
(2001,)
(4, 2004)
(2004,)
(2, 2002)
(2002,)
(7, 2007)
(2007,)
(1, 2001)
(2001,)
(2, 2002)
(2002,)
(1, 2001)
(2001,)
(14, 2014)
(2014,)
(7, 2007)
(2007,)
(4, 2004)
(2004,)
(1, 2001)
(2001,)
(1, 2001)
(2001,)
(2, 2002)
(2002,)
(3, 2003)
(2003,)
(1, 2001)
(2001,)
(1, 2001)
(2001,)
(1, 2001)
(2001,)
(2, 2002)
(2002,)
(3, 2003)
(2003,)
(3, 2003)
(2003,)
(9, 2009)
(2009,)
(4, 2004)
(2004,)
(2, 2002)
(2002,)
[32m[05/17 18:00:04 fsdet.utils.events]: [0m eta: 2:23:01  iter: 259  total_loss: 2.858  loss_cls: 0.3041  loss_box_reg: 0.3666  loss_contrast: 2.09  loss_rpn_cls: 0.007135  loss_rpn_loc: 0.007769  time: 0.6202  data_time: 0.0037  lr: 0.001  max_mem: 3170M
(3, 2003)
(2003,)
(1, 2001)
(2001,)
(4, 2004)
(2004,)
(3, 2003)
(2003,)
(1, 2001)
(2001,)
(1, 2001)
(2001,)
(7, 2007)
(2007,)
(5, 2005)
(2005,)
(3, 2003)
(2003,)
(1, 2001)
(2001,)
(4, 2004)
(2004,)
(1, 2001)
(2001,)
(2, 2002)
(2002,)
(4, 2004)
(2004,)
(1, 2001)
(2001,)
(7, 2007)
(2007,)
(3, 2003)
(2003,)
(2, 2002)
(2002,)
(3, 2003)
(2003,)
(1, 2001)
(2001,)
(1, 2001)
(2001,)
(4, 2004)
(2004,)
(2, 2002)
(2002,)
(1, 2001)
(2001,)
(7, 2007)
(2007,)
(4, 2004)
(2004,)
(5, 2005)
(2005,)
(2, 2002)
(2002,)
(2, 2002)
(2002,)
(2, 2002)
(2002,)
(1, 2001)
(2001,)
(1, 2001)
(2001,)
(6, 2006)
(2006,)
(1, 2001)
(2001,)
(2, 2002)
(2002,)
(2, 2002)
(2002,)
(1, 2001)
(2001,)
(2, 2002)
(2002,)
(3, 2003)
(2003,)
(2, 2002)
(2002,)
(2, 2002)
(2002,)
(2, 2002)
(2002,)
(1, 2001)
(2001,)
(3, 2003)
(2003,)
(2, 2002)
(2002,)
(1, 2001)
(2001,)
(2, 2002)
(2002,)
(1, 2001)
(2001,)
(2, 2002)
(2002,)
(3, 2003)
(2003,)
(1, 2001)
(2001,)
(4, 2004)
(2004,)
(1, 2001)
(2001,)
(7, 2007)
(2007,)
(1, 2001)
(2001,)
(1, 2001)
(2001,)
(3, 2003)
(2003,)
[32m[05/17 18:00:26 fsdet.utils.events]: [0m eta: 5:13:31  iter: 19  total_loss: 4.191  loss_cls: 0.8625  loss_box_reg: 0.3684  loss_contrast: 2.848  loss_rpn_cls: 0.003893  loss_rpn_loc: 0.01031  time: 1.2749  data_time: 0.0571  lr: 9.091e-05  max_mem: 2276M
(3, 2003)
(2003,)
(1, 2001)
(2001,)
(3, 2003)
(2003,)
(1, 2001)
(2001,)
(2, 2002)
(2002,)
(2, 2002)
(2002,)
(2, 2002)
(2002,)
(1, 2001)
(2001,)
(2, 2002)
(2002,)
(1, 2001)
(2001,)
(3, 2003)
(2003,)
(6, 2006)
(2006,)
(2, 2002)
(2002,)
(1, 2001)
(2001,)
(2, 2002)
(2002,)
(7, 2007)
(2007,)
(5, 2005)
(2005,)
(3, 2003)
(2003,)
(2, 2002)
(2002,)
(2, 2002)
(2002,)
(1, 2001)
(2001,)
(1, 2001)
(2001,)
(4, 2004)
(2004,)
(4, 2004)
(2004,)
(3, 2003)
(2003,)
(1, 2001)
(2001,)
(2, 2002)
(2002,)
(4, 2004)
(2004,)
(3, 2003)
(2003,)
(1, 2001)
(2001,)
(2, 2002)
(2002,)
(2, 2002)
(2002,)
(1, 2001)
(2001,)
(2, 2002)
(2002,)
(3, 2003)
(2003,)
(2, 2002)
(2002,)
(2, 2002)
(2002,)
(1, 2001)
(2001,)
(3, 2003)
(2003,)
(1, 2001)
(2001,)
(1, 2001)
(2001,)
(2, 2002)
(2002,)
(2, 2002)
(2002,)
(1, 2001)
(2001,)
(2, 2002)
(2002,)
(1, 2001)
(2001,)
(2, 2002)
(2002,)
(2, 2002)
(2002,)
(2, 2002)
(2002,)
(1, 2001)
(2001,)
(1, 2001)
(2001,)
(1, 2001)
(2001,)
(3, 2003)
(2003,)
(9, 2009)
(2009,)
(2, 2002)
(2002,)
(1, 2001)
(2001,)
(2, 2002)
(2002,)
(6, 2006)
(2006,)
(3, 2003)
(2003,)
(2, 2002)
(2002,)
[32m[05/17 18:00:28 fsdet.utils.events]: [0m eta: 2:23:50  iter: 279  total_loss: 2.542  loss_cls: 0.2523  loss_box_reg: 0.3162  loss_contrast: 1.977  loss_rpn_cls: 0.004604  loss_rpn_loc: 0.005901  time: 0.6581  data_time: 0.0071  lr: 0.001  max_mem: 3170M
(5, 2005)
(2005,)
(1, 2001)
(2001,)
(2, 2002)
(2002,)
(3, 2003)
(2003,)
(2, 2002)
(2002,)
(4, 2004)
(2004,)
(1, 2001)
(2001,)
(1, 2001)
(2001,)
(4, 2004)
(2004,)
(1, 2001)
(2001,)
(1, 2001)
(2001,)
(2, 2002)
(2002,)
(2, 2002)
(2002,)
(2, 2002)
(2002,)
(7, 2007)
(2007,)
(2, 2002)
(2002,)
(2, 2002)
(2002,)
(3, 2003)
(2003,)
(4, 2004)
(2004,)
(2, 2002)
(2002,)
(2, 2002)
(2002,)
(5, 2005)
(2005,)
(1, 2001)
(2001,)
(7, 2007)
(2007,)
(6, 2006)
(2006,)
(2, 2002)
(2002,)
(1, 2001)
(2001,)
[32m[05/17 18:00:38 fsdet.engine.hooks]: [0mOverall training speed: 25 iterations in 0:00:33 (1.3380 s / it)
[32m[05/17 18:00:38 fsdet.engine.hooks]: [0mTotal training time: 0:00:33 (0:00:00 on hooks)
Traceback (most recent call last):
  File "tools/train_net_3.py", line 147, in <module>
    launch(
  File "/home/eric/FSCE_tea-diseases/fsdet/engine/launch.py", line 52, in launch
    main_func(*args)
  File "tools/train_net_3.py", line 141, in main
    return trainer.train()
  File "/home/eric/FSCE_tea-diseases/fsdet/engine/defaults.py", line 397, in train
    super().train(self.start_iter, self.max_iter)
  File "/home/eric/FSCE_tea-diseases/fsdet/engine/train_loop.py", line 132, in train
    self.run_step()
  File "/home/eric/FSCE_tea-diseases/fsdet/engine/train_loop.py", line 225, in run_step
    losses.backward()
  File "/home/eric/.local/lib/python3.8/site-packages/torch/tensor.py", line 195, in backward
    torch.autograd.backward(self, gradient, retain_graph, create_graph)
  File "/home/eric/.local/lib/python3.8/site-packages/torch/autograd/__init__.py", line 97, in backward
    Variable._execution_engine.run_backward(
RuntimeError: CUDA out of memory. Tried to allocate 198.00 MiB (GPU 0; 7.93 GiB total capacity; 2.03 GiB already allocated; 6.75 MiB free; 2.58 GiB reserved in total by PyTorch)
(3, 2003)
(2003,)
(2, 2002)
(2002,)
(1, 2001)
(2001,)
(1, 2001)
(2001,)
(4, 2004)
(2004,)
(1, 2001)
(2001,)
(1, 2001)
(2001,)
(7, 2007)
(2007,)
(4, 2004)
(2004,)
(2, 2002)
(2002,)
(3, 2003)
(2003,)
(2, 2002)
(2002,)
(1, 2001)
(2001,)
(7, 2007)
(2007,)
(1, 2001)
(2001,)
(2, 2002)
(2002,)
(2, 2002)
(2002,)
(2, 2002)
(2002,)
(1, 2001)
(2001,)
(5, 2005)
(2005,)
(4, 2004)
(2004,)
(3, 2003)
(2003,)
(1, 2001)
(2001,)
(2, 2002)
(2002,)
(7, 2007)
(2007,)
(3, 2003)
(2003,)
(1, 2001)
(2001,)
(14, 2014)
(2014,)
(5, 2005)
(2005,)
(2, 2002)
(2002,)
(3, 2003)
(2003,)
(1, 2001)
(2001,)
(1, 2001)
(2001,)
(6, 2006)
(2006,)
(3, 2003)
(2003,)
(4, 2004)
(2004,)
(2, 2002)
(2002,)
(3, 2003)
(2003,)
(3, 2003)
(2003,)
(3, 2003)
(2003,)
(1, 2001)
(2001,)
(3, 2003)
(2003,)
(1, 2001)
(2001,)
(4, 2004)
(2004,)
(1, 2001)
(2001,)
(3, 2003)
(2003,)
(2, 2002)
(2002,)
(4, 2004)
(2004,)
(3, 2003)
(2003,)
(1, 2001)
(2001,)
(2, 2002)
(2002,)
(1, 2001)
(2001,)
(1, 2001)
(2001,)
(3, 2003)
(2003,)
(1, 2001)
(2001,)
(1, 2001)
(2001,)
(3, 2003)
(2003,)
(2, 2002)
(2002,)
(7, 2007)
(2007,)
(1, 2001)
(2001,)
[32m[05/17 18:00:45 fsdet.utils.events]: [0m eta: 2:24:34  iter: 299  total_loss: 2.707  loss_cls: 0.2506  loss_box_reg: 0.329  loss_contrast: 2.053  loss_rpn_cls: 0.00502  loss_rpn_loc: 0.01261  time: 0.6716  data_time: 0.0059  lr: 0.001  max_mem: 3170M
(3, 2003)
(2003,)
(3, 2003)
(2003,)
(6, 2006)
(2006,)
(1, 2001)
(2001,)
(2, 2002)
(2002,)
(3, 2003)
(2003,)
(1, 2001)
(2001,)
(7, 2007)
(2007,)
(2, 2002)
(2002,)
(1, 2001)
(2001,)
(3, 2003)
(2003,)
(2, 2002)
(2002,)
(1, 2001)
(2001,)
(4, 2004)
(2004,)
(1, 2001)
(2001,)
(2, 2002)
(2002,)
(1, 2001)
(2001,)
(1, 2001)
(2001,)
(2, 2002)
(2002,)
(3, 2003)
(2003,)
(2, 2002)
(2002,)
(2, 2002)
(2002,)
(5, 2005)
(2005,)
(2, 2002)
(2002,)
(3, 2003)
(2003,)
(1, 2001)
(2001,)
(9, 2009)
(2009,)
(1, 2001)
(2001,)
(7, 2007)
(2007,)
(3, 2003)
(2003,)
(2, 2002)
(2002,)
(1, 2001)
(2001,)
(2, 2002)
(2002,)
(2, 2002)
(2002,)
(2, 2002)
(2002,)
(3, 2003)
(2003,)
(14, 2014)
(2014,)
(3, 2003)
(2003,)
(1, 2001)
(2001,)
(2, 2002)
(2002,)
(1, 2001)
(2001,)
(6, 2006)
(2006,)
(4, 2004)
(2004,)
(1, 2001)
(2001,)
(2, 2002)
(2002,)
(5, 2005)
(2005,)
(2, 2002)
(2002,)
(1, 2001)
(2001,)
(2, 2002)
(2002,)
(1, 2001)
(2001,)
(4, 2004)
(2004,)
(2, 2002)
(2002,)
(1, 2001)
(2001,)
(1, 2001)
(2001,)
(4, 2004)
(2004,)
(3, 2003)
(2003,)
(2, 2002)
(2002,)
(2, 2002)
(2002,)
(3, 2003)
(2003,)
(1, 2001)
(2001,)
[32m[05/17 18:00:57 fsdet.utils.events]: [0m eta: 2:24:23  iter: 319  total_loss: 2.483  loss_cls: 0.2053  loss_box_reg: 0.2743  loss_contrast: 1.931  loss_rpn_cls: 0.00364  loss_rpn_loc: 0.006319  time: 0.6664  data_time: 0.0035  lr: 0.001  max_mem: 3170M
(2, 2002)
(2002,)
(3, 2003)
(2003,)
(2, 2002)
(2002,)
(4, 2004)
(2004,)
(3, 2003)
(2003,)
(1, 2001)
(2001,)
(6, 2006)
(2006,)
(2, 2002)
(2002,)
(3, 2003)
(2003,)
(2, 2002)
(2002,)
(3, 2003)
(2003,)
(3, 2003)
(2003,)
(3, 2003)
(2003,)
(3, 2003)
(2003,)
(1, 2001)
(2001,)
(1, 2001)
(2001,)
(2, 2002)
(2002,)
(5, 2005)
(2005,)
(2, 2002)
(2002,)
(1, 2001)
(2001,)
(2, 2002)
(2002,)
(1, 2001)
(2001,)
(2, 2002)
(2002,)
(1, 2001)
(2001,)
(1, 2001)
(2001,)
(2, 2002)
(2002,)
(1, 2001)
(2001,)
(3, 2003)
(2003,)
(4, 2004)
(2004,)
(2, 2002)
(2002,)
(3, 2003)
(2003,)
(2, 2002)
(2002,)
(3, 2003)
(2003,)
(1, 2001)
(2001,)
(4, 2004)
(2004,)
(3, 2003)
(2003,)
(3, 2003)
(2003,)
(1, 2001)
(2001,)
(1, 2001)
(2001,)
(7, 2007)
(2007,)
(2, 2002)
(2002,)
(7, 2007)
(2007,)
(1, 2001)
(2001,)
(1, 2001)
(2001,)
(2, 2002)
(2002,)
(2, 2002)
(2002,)
(1, 2001)
(2001,)
(6, 2006)
(2006,)
(2, 2002)
(2002,)
(1, 2001)
(2001,)
(2, 2002)
(2002,)
(2, 2002)
(2002,)
(1, 2001)
(2001,)
(2, 2002)
(2002,)
(3, 2003)
(2003,)
(4, 2004)
(2004,)
(2, 2002)
(2002,)
(4, 2004)
(2004,)
(1, 2001)
(2001,)
(3, 2003)
(2003,)
[32m[05/17 18:01:15 fsdet.utils.events]: [0m eta: 2:24:33  iter: 339  total_loss: 2.534  loss_cls: 0.2461  loss_box_reg: 0.3019  loss_contrast: 2.002  loss_rpn_cls: 0.004579  loss_rpn_loc: 0.006533  time: 0.6784  data_time: 0.0034  lr: 0.001  max_mem: 3170M
(1, 2001)
(2001,)
(9, 2009)
(2009,)
(2, 2002)
(2002,)
(1, 2001)
(2001,)
(3, 2003)
(2003,)
(7, 2007)
(2007,)
(4, 2004)
(2004,)
(1, 2001)
(2001,)
(1, 2001)
(2001,)
(1, 2001)
(2001,)
(2, 2002)
(2002,)
(14, 2014)
(2014,)
(2, 2002)
(2002,)
(2, 2002)
(2002,)
(3, 2003)
(2003,)
(1, 2001)
(2001,)
(1, 2001)
(2001,)
(2, 2002)
(2002,)
(2, 2002)
(2002,)
(5, 2005)
(2005,)
(3, 2003)
(2003,)
(2, 2002)
(2002,)
(1, 2001)
(2001,)
(3, 2003)
(2003,)
(1, 2001)
(2001,)
(4, 2004)
(2004,)
(3, 2003)
(2003,)
(3, 2003)
(2003,)
(3, 2003)
(2003,)
(2, 2002)
(2002,)
(1, 2001)
(2001,)
(2, 2002)
(2002,)
(1, 2001)
(2001,)
(1, 2001)
(2001,)
(1, 2001)
(2001,)
(7, 2007)
(2007,)
(7, 2007)
(2007,)
(2, 2002)
(2002,)
(3, 2003)
(2003,)
(14, 2014)
(2014,)
(3, 2003)
(2003,)
(2, 2002)
(2002,)
(1, 2001)
(2001,)
(1, 2001)
(2001,)
(4, 2004)
(2004,)
(3, 2003)
(2003,)
(4, 2004)
(2004,)
(3, 2003)
(2003,)
(1, 2001)
(2001,)
(1, 2001)
(2001,)
(2, 2002)
(2002,)
(2, 2002)
(2002,)
(1, 2001)
(2001,)
(1, 2001)
(2001,)
(2, 2002)
(2002,)
(3, 2003)
(2003,)
(5, 2005)
(2005,)
(3, 2003)
(2003,)
(2, 2002)
(2002,)
(2, 2002)
(2002,)
[32m[05/17 18:01:26 fsdet.utils.events]: [0m eta: 2:24:09  iter: 359  total_loss: 2.423  loss_cls: 0.1795  loss_box_reg: 0.2467  loss_contrast: 1.966  loss_rpn_cls: 0.008337  loss_rpn_loc: 0.009917  time: 0.6726  data_time: 0.0032  lr: 0.001  max_mem: 3170M
(1, 2001)
(2001,)
(4, 2004)
(2004,)
(2, 2002)
(2002,)
(1, 2001)
(2001,)
(7, 2007)
(2007,)
(2, 2002)
(2002,)
(3, 2003)
(2003,)
(5, 2005)
(2005,)
(2, 2002)
(2002,)
(1, 2001)
(2001,)
(2, 2002)
(2002,)
(2, 2002)
(2002,)
(3, 2003)
(2003,)
(1, 2001)
(2001,)
(6, 2006)
(2006,)
(2, 2002)
(2002,)
(1, 2001)
(2001,)
(3, 2003)
(2003,)
(6, 2006)
(2006,)
(4, 2004)
(2004,)
(2, 2002)
(2002,)
(3, 2003)
(2003,)
(2, 2002)
(2002,)
(1, 2001)
(2001,)
(2, 2002)
(2002,)
(2, 2002)
(2002,)
(2, 2002)
(2002,)
(9, 2009)
(2009,)
(1, 2001)
(2001,)
(1, 2001)
(2001,)
(2, 2002)
(2002,)
(1, 2001)
(2001,)
(3, 2003)
(2003,)
(1, 2001)
(2001,)
(1, 2001)
(2001,)
(3, 2003)
(2003,)
(2, 2002)
(2002,)
(4, 2004)
(2004,)
(1, 2001)
(2001,)
(2, 2002)
(2002,)
(1, 2001)
(2001,)
(1, 2001)
(2001,)
(1, 2001)
(2001,)
(1, 2001)
(2001,)
(3, 2003)
(2003,)
(1, 2001)
(2001,)
(1, 2001)
(2001,)
(5, 2005)
(2005,)
(3, 2003)
(2003,)
(1, 2001)
(2001,)
(7, 2007)
(2007,)
(2, 2002)
(2002,)
(3, 2003)
(2003,)
(3, 2003)
(2003,)
(2, 2002)
(2002,)
(2, 2002)
(2002,)
(2, 2002)
(2002,)
(3, 2003)
(2003,)
(4, 2004)
(2004,)
(9, 2009)
(2009,)
[32m[05/17 18:01:38 fsdet.utils.events]: [0m eta: 2:23:46  iter: 379  total_loss: 2.483  loss_cls: 0.1781  loss_box_reg: 0.2682  loss_contrast: 1.976  loss_rpn_cls: 0.006365  loss_rpn_loc: 0.007329  time: 0.6666  data_time: 0.0040  lr: 0.001  max_mem: 3170M
(2, 2002)
(2002,)
(3, 2003)
(2003,)
(2, 2002)
(2002,)
(3, 2003)
(2003,)
(2, 2002)
(2002,)
(5, 2005)
(2005,)
(2, 2002)
(2002,)
(6, 2006)
(2006,)
(2, 2002)
(2002,)
(6, 2006)
(2006,)
(2, 2002)
(2002,)
(2, 2002)
(2002,)
(2, 2002)
(2002,)
(14, 2014)
(2014,)
(1, 2001)
(2001,)
(1, 2001)
(2001,)
(1, 2001)
(2001,)
(1, 2001)
(2001,)
(3, 2003)
(2003,)
(3, 2003)
(2003,)
(1, 2001)
(2001,)
(7, 2007)
(2007,)
(1, 2001)
(2001,)
(1, 2001)
(2001,)
(1, 2001)
(2001,)
(1, 2001)
(2001,)
(4, 2004)
(2004,)
(2, 2002)
(2002,)
(1, 2001)
(2001,)
(1, 2001)
(2001,)
(3, 2003)
(2003,)
(2, 2002)
(2002,)
(2, 2002)
(2002,)
(4, 2004)
(2004,)
(2, 2002)
(2002,)
(2, 2002)
(2002,)
(1, 2001)
(2001,)
(2, 2002)
(2002,)
(2, 2002)
(2002,)
(2, 2002)
(2002,)
(2, 2002)
(2002,)
(1, 2001)
(2001,)
(3, 2003)
(2003,)
(2, 2002)
(2002,)
(1, 2001)
(2001,)
(1, 2001)
(2001,)
(1, 2001)
(2001,)
(7, 2007)
(2007,)
(1, 2001)
(2001,)
(3, 2003)
(2003,)
(2, 2002)
(2002,)
(1, 2001)
(2001,)
(1, 2001)
(2001,)
(3, 2003)
(2003,)
(4, 2004)
(2004,)
(3, 2003)
(2003,)
(4, 2004)
(2004,)
(3, 2003)
(2003,)
(4, 2004)
(2004,)
(2, 2002)
(2002,)
[32m[05/17 18:01:50 fsdet.utils.events]: [0m eta: 2:23:26  iter: 399  total_loss: 2.422  loss_cls: 0.1776  loss_box_reg: 0.271  loss_contrast: 1.902  loss_rpn_cls: 0.007932  loss_rpn_loc: 0.008154  time: 0.6622  data_time: 0.0038  lr: 0.001  max_mem: 3170M
(1, 2001)
(2001,)
(2, 2002)
(2002,)
(3, 2003)
(2003,)
(1, 2001)
(2001,)
(1, 2001)
(2001,)
(2, 2002)
(2002,)
(3, 2003)
(2003,)
(1, 2001)
(2001,)
(2, 2002)
(2002,)
(2, 2002)
(2002,)
(4, 2004)
(2004,)
(2, 2002)
(2002,)
(6, 2006)
(2006,)
(1, 2001)
(2001,)
(7, 2007)
(2007,)
(3, 2003)
(2003,)
(2, 2002)
(2002,)
(3, 2003)
(2003,)
(2, 2002)
(2002,)
(7, 2007)
(2007,)
(1, 2001)
(2001,)
(1, 2001)
(2001,)
(1, 2001)
(2001,)
(1, 2001)
(2001,)
(5, 2005)
(2005,)
(1, 2001)
(2001,)
(1, 2001)
(2001,)
(2, 2002)
(2002,)
(1, 2001)
(2001,)
(7, 2007)
(2007,)
(5, 2005)
(2005,)
(2, 2002)
(2002,)
(1, 2001)
(2001,)
(1, 2001)
(2001,)
(2, 2002)
(2002,)
(3, 2003)
(2003,)
(1, 2001)
(2001,)
(2, 2002)
(2002,)
(2, 2002)
(2002,)
(2, 2002)
(2002,)
(4, 2004)
(2004,)
(3, 2003)
(2003,)
(4, 2004)
(2004,)
(2, 2002)
(2002,)
(1, 2001)
(2001,)
(3, 2003)
(2003,)
(1, 2001)
(2001,)
(1, 2001)
(2001,)
(2, 2002)
(2002,)
(3, 2003)
(2003,)
(2, 2002)
(2002,)
(3, 2003)
(2003,)
(1, 2001)
(2001,)
(2, 2002)
(2002,)
(2, 2002)
(2002,)
(1, 2001)
(2001,)
(1, 2001)
(2001,)
(2, 2002)
(2002,)
(3, 2003)
(2003,)
(1, 2001)
(2001,)
[32m[05/17 18:02:01 fsdet.utils.events]: [0m eta: 2:23:11  iter: 419  total_loss: 2.363  loss_cls: 0.1421  loss_box_reg: 0.2558  loss_contrast: 1.909  loss_rpn_cls: 0.005394  loss_rpn_loc: 0.005216  time: 0.6577  data_time: 0.0035  lr: 0.001  max_mem: 3170M
(1, 2001)
(2001,)
(6, 2006)
(2006,)
(3, 2003)
(2003,)
(4, 2004)
(2004,)
(3, 2003)
(2003,)
(2, 2002)
(2002,)
(3, 2003)
(2003,)
(9, 2009)
(2009,)
(3, 2003)
(2003,)
(14, 2014)
(2014,)
(1, 2001)
(2001,)
(1, 2001)
(2001,)
(3, 2003)
(2003,)
(4, 2004)
(2004,)
(1, 2001)
(2001,)
(3, 2003)
(2003,)
(4, 2004)
(2004,)
(2, 2002)
(2002,)
(3, 2003)
(2003,)
(2, 2002)
(2002,)
(2, 2002)
(2002,)
(2, 2002)
(2002,)
(2, 2002)
(2002,)
(3, 2003)
(2003,)
(2, 2002)
(2002,)
(2, 2002)
(2002,)
(4, 2004)
(2004,)
(3, 2003)
(2003,)
(1, 2001)
(2001,)
(3, 2003)
(2003,)
(1, 2001)
(2001,)
(4, 2004)
(2004,)
(1, 2001)
(2001,)
(2, 2002)
(2002,)
(4, 2004)
(2004,)
(3, 2003)
(2003,)
(2, 2002)
(2002,)
(1, 2001)
(2001,)
(7, 2007)
(2007,)
(6, 2006)
(2006,)
(2, 2002)
(2002,)
(3, 2003)
(2003,)
(2, 2002)
(2002,)
(3, 2003)
(2003,)
(2, 2002)
(2002,)
(1, 2001)
(2001,)
(1, 2001)
(2001,)
(4, 2004)
(2004,)
(2, 2002)
(2002,)
(1, 2001)
(2001,)
(1, 2001)
(2001,)
(1, 2001)
(2001,)
(6, 2006)
(2006,)
(1, 2001)
(2001,)
(1, 2001)
(2001,)
(1, 2001)
(2001,)
(1, 2001)
(2001,)
(3, 2003)
(2003,)
(14, 2014)
(2014,)
(1, 2001)
(2001,)
[32m[05/17 18:02:13 fsdet.utils.events]: [0m eta: 2:22:54  iter: 439  total_loss: 2.495  loss_cls: 0.1485  loss_box_reg: 0.2872  loss_contrast: 1.986  loss_rpn_cls: 0.01027  loss_rpn_loc: 0.009519  time: 0.6529  data_time: 0.0035  lr: 0.001  max_mem: 3170M
(2, 2002)
(2002,)
(1, 2001)
(2001,)
(2, 2002)
(2002,)
(3, 2003)
(2003,)
(1, 2001)
(2001,)
(5, 2005)
(2005,)
(2, 2002)
(2002,)
(3, 2003)
(2003,)
(5, 2005)
(2005,)
(1, 2001)
(2001,)
(1, 2001)
(2001,)
(2, 2002)
(2002,)
(3, 2003)
(2003,)
(7, 2007)
(2007,)
(7, 2007)
(2007,)
(2, 2002)
(2002,)
(2, 2002)
(2002,)
(2, 2002)
(2002,)
(3, 2003)
(2003,)
(4, 2004)
(2004,)
(1, 2001)
(2001,)
(1, 2001)
(2001,)
(3, 2003)
(2003,)
(2, 2002)
(2002,)
(1, 2001)
(2001,)
(2, 2002)
(2002,)
(4, 2004)
(2004,)
(1, 2001)
(2001,)
(3, 2003)
(2003,)
(1, 2001)
(2001,)
(2, 2002)
(2002,)
(3, 2003)
(2003,)
(1, 2001)
(2001,)
(2, 2002)
(2002,)
(1, 2001)
(2001,)
(2, 2002)
(2002,)
(2, 2002)
(2002,)
(2, 2002)
(2002,)
(3, 2003)
(2003,)
(9, 2009)
(2009,)
(2, 2002)
(2002,)
(2, 2002)
(2002,)
(3, 2003)
(2003,)
(3, 2003)
(2003,)
(7, 2007)
(2007,)
(2, 2002)
(2002,)
(6, 2006)
(2006,)
(1, 2001)
(2001,)
(2, 2002)
(2002,)
(14, 2014)
(2014,)
(6, 2006)
(2006,)
(3, 2003)
(2003,)
(3, 2003)
(2003,)
(2, 2002)
(2002,)
(1, 2001)
(2001,)
(1, 2001)
(2001,)
(3, 2003)
(2003,)
(1, 2001)
(2001,)
(1, 2001)
(2001,)
(2, 2002)
(2002,)
[32m[05/17 18:02:24 fsdet.utils.events]: [0m eta: 2:22:33  iter: 459  total_loss: 2.458  loss_cls: 0.1643  loss_box_reg: 0.268  loss_contrast: 1.981  loss_rpn_cls: 0.002673  loss_rpn_loc: 0.005984  time: 0.6491  data_time: 0.0036  lr: 0.001  max_mem: 3170M
(3, 2003)
(2003,)
(1, 2001)
(2001,)
(2, 2002)
(2002,)
(4, 2004)
(2004,)
(2, 2002)
(2002,)
(3, 2003)
(2003,)
(2, 2002)
(2002,)
(4, 2004)
(2004,)
(2, 2002)
(2002,)
(2, 2002)
(2002,)
(3, 2003)
(2003,)
(5, 2005)
(2005,)
(1, 2001)
(2001,)
(2, 2002)
(2002,)
(3, 2003)
(2003,)
(4, 2004)
(2004,)
(2, 2002)
(2002,)
(4, 2004)
(2004,)
(2, 2002)
(2002,)
(1, 2001)
(2001,)
(2, 2002)
(2002,)
(4, 2004)
(2004,)
(1, 2001)
(2001,)
(3, 2003)
(2003,)
(1, 2001)
(2001,)
(3, 2003)
(2003,)
(1, 2001)
(2001,)
(1, 2001)
(2001,)
(3, 2003)
(2003,)
(3, 2003)
(2003,)
(1, 2001)
(2001,)
(2, 2002)
(2002,)
(1, 2001)
(2001,)
(2, 2002)
(2002,)
(5, 2005)
(2005,)
(1, 2001)
(2001,)
(1, 2001)
(2001,)
(2, 2002)
(2002,)
(1, 2001)
(2001,)
(1, 2001)
(2001,)
(2, 2002)
(2002,)
(3, 2003)
(2003,)
(1, 2001)
(2001,)
(2, 2002)
(2002,)
(1, 2001)
(2001,)
(2, 2002)
(2002,)
(1, 2001)
(2001,)
(1, 2001)
(2001,)
(9, 2009)
(2009,)
(2, 2002)
(2002,)
(4, 2004)
(2004,)
(7, 2007)
(2007,)
(2, 2002)
(2002,)
(3, 2003)
(2003,)
(1, 2001)
(2001,)
(2, 2002)
(2002,)
(2, 2002)
(2002,)
(3, 2003)
(2003,)
(2, 2002)
(2002,)
(7, 2007)
(2007,)
[32m[05/17 18:02:36 fsdet.utils.events]: [0m eta: 2:22:16  iter: 479  total_loss: 2.434  loss_cls: 0.1543  loss_box_reg: 0.2926  loss_contrast: 1.971  loss_rpn_cls: 0.005011  loss_rpn_loc: 0.0058  time: 0.6455  data_time: 0.0103  lr: 0.001  max_mem: 3170M
(1, 2001)
(2001,)
(1, 2001)
(2001,)
(3, 2003)
(2003,)
(1, 2001)
(2001,)
(1, 2001)
(2001,)
(2, 2002)
(2002,)
(1, 2001)
(2001,)
(2, 2002)
(2002,)
(3, 2003)
(2003,)
(7, 2007)
(2007,)
(1, 2001)
(2001,)
(1, 2001)
(2001,)
(5, 2005)
(2005,)
(7, 2007)
(2007,)
(4, 2004)
(2004,)
(2, 2002)
(2002,)
(1, 2001)
(2001,)
(3, 2003)
(2003,)
(1, 2001)
(2001,)
(3, 2003)
(2003,)
(1, 2001)
(2001,)
(4, 2004)
(2004,)
(2, 2002)
(2002,)
(3, 2003)
(2003,)
(4, 2004)
(2004,)
(3, 2003)
(2003,)
(2, 2002)
(2002,)
(2, 2002)
(2002,)
(3, 2003)
(2003,)
(2, 2002)
(2002,)
(1, 2001)
(2001,)
(1, 2001)
(2001,)
(1, 2001)
(2001,)
(3, 2003)
(2003,)
(3, 2003)
(2003,)
(1, 2001)
(2001,)
(4, 2004)
(2004,)
(1, 2001)
(2001,)
(3, 2003)
(2003,)
(7, 2007)
(2007,)
(2, 2002)
(2002,)
(1, 2001)
(2001,)
(6, 2006)
(2006,)
(2, 2002)
(2002,)
(4, 2004)
(2004,)
(1, 2001)
(2001,)
(1, 2001)
(2001,)
(2, 2002)
(2002,)
(2, 2002)
(2002,)
(3, 2003)
(2003,)
(2, 2002)
(2002,)
(1, 2001)
(2001,)
(3, 2003)
(2003,)
(9, 2009)
(2009,)
(1, 2001)
(2001,)
(2, 2002)
(2002,)
(1, 2001)
(2001,)
(2, 2002)
(2002,)
(2, 2002)
(2002,)
(2, 2002)
(2002,)
[32m[05/17 18:02:47 fsdet.utils.events]: [0m eta: 2:21:38  iter: 499  total_loss: 2.343  loss_cls: 0.1483  loss_box_reg: 0.2419  loss_contrast: 1.937  loss_rpn_cls: 0.004785  loss_rpn_loc: 0.008058  time: 0.6425  data_time: 0.0077  lr: 0.001  max_mem: 3170M
(3, 2003)
(2003,)
(3, 2003)
(2003,)
(2, 2002)
(2002,)
(1, 2001)
(2001,)
(1, 2001)
(2001,)
(1, 2001)
(2001,)
(4, 2004)
(2004,)
(1, 2001)
(2001,)
(3, 2003)
(2003,)
(3, 2003)
(2003,)
(2, 2002)
(2002,)
(1, 2001)
(2001,)
(2, 2002)
(2002,)
(14, 2014)
(2014,)
(2, 2002)
(2002,)
(1, 2001)
(2001,)
(2, 2002)
(2002,)
(6, 2006)
(2006,)
(5, 2005)
(2005,)
(3, 2003)
(2003,)
(2, 2002)
(2002,)
(2, 2002)
(2002,)
(2, 2002)
(2002,)
(1, 2001)
(2001,)
(1, 2001)
(2001,)
(2, 2002)
(2002,)
(4, 2004)
(2004,)
(2, 2002)
(2002,)
(2, 2002)
(2002,)
(2, 2002)
(2002,)
(2, 2002)
(2002,)
(1, 2001)
(2001,)
(2, 2002)
(2002,)
(14, 2014)
(2014,)
(2, 2002)
(2002,)
(3, 2003)
(2003,)
(1, 2001)
(2001,)
(5, 2005)
(2005,)
(1, 2001)
(2001,)
(1, 2001)
(2001,)
(1, 2001)
(2001,)
(2, 2002)
(2002,)
(1, 2001)
(2001,)
(2, 2002)
(2002,)
(1, 2001)
(2001,)
(3, 2003)
(2003,)
(1, 2001)
(2001,)
(1, 2001)
(2001,)
(4, 2004)
(2004,)
(3, 2003)
(2003,)
(7, 2007)
(2007,)
(5, 2005)
(2005,)
(4, 2004)
(2004,)
(3, 2003)
(2003,)
(2, 2002)
(2002,)
(2, 2002)
(2002,)
(1, 2001)
(2001,)
(2, 2002)
(2002,)
(3, 2003)
(2003,)
(2, 2002)
(2002,)
[32m[05/17 18:02:59 fsdet.utils.events]: [0m eta: 2:21:36  iter: 519  total_loss: 2.443  loss_cls: 0.1412  loss_box_reg: 0.2227  loss_contrast: 1.944  loss_rpn_cls: 0.003925  loss_rpn_loc: 0.008447  time: 0.6404  data_time: 0.0125  lr: 0.001  max_mem: 3170M
(3, 2003)
(2003,)
(2, 2002)
(2002,)
(1, 2001)
(2001,)
(2, 2002)
(2002,)
(3, 2003)
(2003,)
(1, 2001)
(2001,)
(6, 2006)
(2006,)
(1, 2001)
(2001,)
(1, 2001)
(2001,)
(3, 2003)
(2003,)
(7, 2007)
(2007,)
(9, 2009)
(2009,)
(2, 2002)
(2002,)
(4, 2004)
(2004,)
(2, 2002)
(2002,)
(3, 2003)
(2003,)
(2, 2002)
(2002,)
(1, 2001)
(2001,)
(2, 2002)
(2002,)
(2, 2002)
(2002,)
(1, 2001)
(2001,)
(1, 2001)
(2001,)
(3, 2003)
(2003,)
(2, 2002)
(2002,)
(3, 2003)
(2003,)
(1, 2001)
(2001,)
(1, 2001)
(2001,)
(6, 2006)
(2006,)
(2, 2002)
(2002,)
(3, 2003)
(2003,)
(1, 2001)
(2001,)
(1, 2001)
(2001,)
(3, 2003)
(2003,)
(1, 2001)
(2001,)
(3, 2003)
(2003,)
(3, 2003)
(2003,)
(7, 2007)
(2007,)
(3, 2003)
(2003,)
(4, 2004)
(2004,)
(1, 2001)
(2001,)
(2, 2002)
(2002,)
(2, 2002)
(2002,)
(4, 2004)
(2004,)
(2, 2002)
(2002,)
(2, 2002)
(2002,)
(4, 2004)
(2004,)
(2, 2002)
(2002,)
(1, 2001)
(2001,)
(3, 2003)
(2003,)
(1, 2001)
(2001,)
(5, 2005)
(2005,)
(2, 2002)
(2002,)
(3, 2003)
(2003,)
(3, 2003)
(2003,)
(1, 2001)
(2001,)
(14, 2014)
(2014,)
(3, 2003)
(2003,)
(2, 2002)
(2002,)
(1, 2001)
(2001,)
(3, 2003)
(2003,)
[32m[05/17 18:03:11 fsdet.utils.events]: [0m eta: 2:21:18  iter: 539  total_loss: 2.384  loss_cls: 0.1495  loss_box_reg: 0.2405  loss_contrast: 1.933  loss_rpn_cls: 0.005845  loss_rpn_loc: 0.006124  time: 0.6377  data_time: 0.0033  lr: 0.001  max_mem: 3170M
(2, 2002)
(2002,)
(2, 2002)
(2002,)
(9, 2009)
(2009,)
(1, 2001)
(2001,)
(4, 2004)
(2004,)
(2, 2002)
(2002,)
(2, 2002)
(2002,)
(1, 2001)
(2001,)
(1, 2001)
(2001,)
(3, 2003)
(2003,)
(3, 2003)
(2003,)
(2, 2002)
(2002,)
(1, 2001)
(2001,)
(7, 2007)
(2007,)
(1, 2001)
(2001,)
(2, 2002)
(2002,)
(2, 2002)
(2002,)
(1, 2001)
(2001,)
(2, 2002)
(2002,)
(4, 2004)
(2004,)
(1, 2001)
(2001,)
(1, 2001)
(2001,)
(7, 2007)
(2007,)
(6, 2006)
(2006,)
(4, 2004)
(2004,)
(1, 2001)
(2001,)
(2, 2002)
(2002,)
(3, 2003)
(2003,)
(2, 2002)
(2002,)
(1, 2001)
(2001,)
(3, 2003)
(2003,)
(1, 2001)
(2001,)
(1, 2001)
(2001,)
(1, 2001)
(2001,)
(2, 2002)
(2002,)
(2, 2002)
(2002,)
(2, 2002)
(2002,)
(3, 2003)
(2003,)
(7, 2007)
(2007,)
(3, 2003)
(2003,)
(3, 2003)
(2003,)
(1, 2001)
(2001,)
(1, 2001)
(2001,)
(1, 2001)
(2001,)
(2, 2002)
(2002,)
(2, 2002)
(2002,)
(3, 2003)
(2003,)
(3, 2003)
(2003,)
(5, 2005)
(2005,)
(1, 2001)
(2001,)
(4, 2004)
(2004,)
(1, 2001)
(2001,)
(3, 2003)
(2003,)
(2, 2002)
(2002,)
(2, 2002)
(2002,)
(6, 2006)
(2006,)
(1, 2001)
(2001,)
(2, 2002)
(2002,)
(4, 2004)
(2004,)
(1, 2001)
(2001,)
[32m[05/17 18:03:23 fsdet.utils.events]: [0m eta: 2:21:20  iter: 559  total_loss: 2.296  loss_cls: 0.1315  loss_box_reg: 0.2394  loss_contrast: 1.908  loss_rpn_cls: 0.005712  loss_rpn_loc: 0.009904  time: 0.6357  data_time: 0.0033  lr: 0.001  max_mem: 3170M
(3, 2003)
(2003,)
(2, 2002)
(2002,)
(1, 2001)
(2001,)
(2, 2002)
(2002,)
(2, 2002)
(2002,)
(1, 2001)
(2001,)
(3, 2003)
(2003,)
(1, 2001)
(2001,)
(2, 2002)
(2002,)
(6, 2006)
(2006,)
(2, 2002)
(2002,)
(7, 2007)
(2007,)
(4, 2004)
(2004,)
(2, 2002)
(2002,)
(2, 2002)
(2002,)
(3, 2003)
(2003,)
(2, 2002)
(2002,)
(1, 2001)
(2001,)
(1, 2001)
(2001,)
(1, 2001)
(2001,)
(3, 2003)
(2003,)
(1, 2001)
(2001,)
(2, 2002)
(2002,)
(1, 2001)
(2001,)
(2, 2002)
(2002,)
(2, 2002)
(2002,)
(1, 2001)
(2001,)
(1, 2001)
(2001,)
(2, 2002)
(2002,)
(3, 2003)
(2003,)
(3, 2003)
(2003,)
(1, 2001)
(2001,)
(2, 2002)
(2002,)
(3, 2003)
(2003,)
(3, 2003)
(2003,)
(4, 2004)
(2004,)
(3, 2003)
(2003,)
(14, 2014)
(2014,)
(1, 2001)
(2001,)
(1, 2001)
(2001,)
(5, 2005)
(2005,)
(3, 2003)
(2003,)
(2, 2002)
(2002,)
(2, 2002)
(2002,)
(2, 2002)
(2002,)
(1, 2001)
(2001,)
(1, 2001)
(2001,)
(1, 2001)
(2001,)
(1, 2001)
(2001,)
(2, 2002)
(2002,)
(1, 2001)
(2001,)
(3, 2003)
(2003,)
(5, 2005)
(2005,)
(1, 2001)
(2001,)
(2, 2002)
(2002,)
(3, 2003)
(2003,)
(1, 2001)
(2001,)
(1, 2001)
(2001,)
(3, 2003)
(2003,)
(2, 2002)
(2002,)
[32m[05/17 18:03:35 fsdet.utils.events]: [0m eta: 2:21:10  iter: 579  total_loss: 2.233  loss_cls: 0.1195  loss_box_reg: 0.1962  loss_contrast: 1.909  loss_rpn_cls: 0.005532  loss_rpn_loc: 0.004823  time: 0.6337  data_time: 0.0183  lr: 0.001  max_mem: 3170M
(2, 2002)
(2002,)
(9, 2009)
(2009,)
(4, 2004)
(2004,)
(3, 2003)
(2003,)
(7, 2007)
(2007,)
(1, 2001)
(2001,)
(1, 2001)
(2001,)
(4, 2004)
(2004,)
(2, 2002)
(2002,)
(3, 2003)
(2003,)
(2, 2002)
(2002,)
(3, 2003)
(2003,)
(1, 2001)
(2001,)
(2, 2002)
(2002,)
(2, 2002)
(2002,)
(1, 2001)
(2001,)
(7, 2007)
(2007,)
(4, 2004)
(2004,)
(6, 2006)
(2006,)
(3, 2003)
(2003,)
(2, 2002)
(2002,)
(7, 2007)
(2007,)
(1, 2001)
(2001,)
(2, 2002)
(2002,)
(1, 2001)
(2001,)
(4, 2004)
(2004,)
(1, 2001)
(2001,)
(2, 2002)
(2002,)
(2, 2002)
(2002,)
(3, 2003)
(2003,)
(1, 2001)
(2001,)
(1, 2001)
(2001,)
(3, 2003)
(2003,)
(3, 2003)
(2003,)
(1, 2001)
(2001,)
(2, 2002)
(2002,)
(1, 2001)
(2001,)
(3, 2003)
(2003,)
(3, 2003)
(2003,)
(1, 2001)
(2001,)
(1, 2001)
(2001,)
(1, 2001)
(2001,)
(7, 2007)
(2007,)
(4, 2004)
(2004,)
(5, 2005)
(2005,)
(7, 2007)
(2007,)
(4, 2004)
(2004,)
(2, 2002)
(2002,)
(3, 2003)
(2003,)
(2, 2002)
(2002,)
(5, 2005)
(2005,)
(1, 2001)
(2001,)
(2, 2002)
(2002,)
(1, 2001)
(2001,)
(2, 2002)
(2002,)
(1, 2001)
(2001,)
(9, 2009)
(2009,)
(2, 2002)
(2002,)
(2, 2002)
(2002,)
(1, 2001)
(2001,)
[32m[05/17 18:03:46 fsdet.utils.events]: [0m eta: 2:20:49  iter: 599  total_loss: 2.337  loss_cls: 0.132  loss_box_reg: 0.2271  loss_contrast: 2.014  loss_rpn_cls: 0.004988  loss_rpn_loc: 0.009608  time: 0.6314  data_time: 0.0045  lr: 0.001  max_mem: 3170M
